This is pdfTeX, Version 3.141592653-2.6-1.40.25 (MiKTeX 23.10) (preloaded format=pdflatex 2023.12.27)  17 JUN 2025 00:31
entering extended mode
 restricted \write18 enabled.
 %&-line parsing enabled.
**./refman.tex
(refman.tex
LaTeX2e <2023-06-01> patch level 1
L3 programming layer <2023-08-29>

(E:\é›†åˆ\ç”µèµ›èµ„æ–™\å…¶ä»–èµ„æ–™\CTeX\æ–°å»ºæ–‡ä»¶å¤¹\tex/latex/base\articl
e.cls
Document Class: article 2023/05/17 v1.4n Standard LaTeX document class

(E:\é›†åˆ\ç”µèµ›èµ„æ–™\å…¶ä»–èµ„æ–™\CTeX\æ–°å»ºæ–‡ä»¶å¤¹\tex/latex/base\size10
.clo
File: size10.clo 2023/05/17 v1.4n Standard LaTeX file (size option)
)
\c@part=\count185
\c@section=\count186
\c@subsection=\count187
\c@subsubsection=\count188
\c@paragraph=\count189
\c@subparagraph=\count190
\c@figure=\count191
\c@table=\count192
\abovecaptionskip=\skip48
\belowcaptionskip=\skip49
\bibindent=\dimen140
)
(E:\é›†åˆ\ç”µèµ›èµ„æ–™\å…¶ä»–èµ„æ–™\CTeX\æ–°å»ºæ–‡ä»¶å¤¹\tex/latex/base\ifthen
.sty
Package: ifthen 2022/04/13 v1.1d Standard LaTeX ifthen package (DPC)
)
(E:\é›†åˆ\ç”µèµ›èµ„æ–™\å…¶ä»–èµ„æ–™\CTeX\æ–°å»ºæ–‡ä»¶å¤¹\tex/latex/tools\array
.sty
Rollback for package 'array' requested -> date 2016-10-06.
         Best approximation is the release introduced on 2016-10-06.

(E:\é›†åˆ\ç”µèµ›èµ„æ–™\å…¶ä»–èµ„æ–™\CTeX\æ–°å»ºæ–‡ä»¶å¤¹\tex/latex/tools\array
-2016-10-06.sty
Package: array 2016/10/06 v2.4d Tabular extension package (FMi)
\col@sep=\dimen141
\extrarowheight=\dimen142
\NC@list=\toks17
\extratabsurround=\skip50
\backup@length=\skip51
))
(E:\é›†åˆ\ç”µèµ›èµ„æ–™\å…¶ä»–èµ„æ–™\CTeX\æ–°å»ºæ–‡ä»¶å¤¹\tex/generic/infwarerr
\infwarerr.sty
package info suppressed
) (doxygen.sty
Package: doxygen 

(E:\é›†åˆ\ç”µèµ›èµ„æ–™\å…¶ä»–èµ„æ–™\CTeX\æ–°å»ºæ–‡ä»¶å¤¹\tex/latex/base\alltt.
sty
Package: alltt 2021/01/29 v2.0g defines alltt environment
)
(E:\é›†åˆ\ç”µèµ›èµ„æ–™\å…¶ä»–èµ„æ–™\CTeX\æ–°å»ºæ–‡ä»¶å¤¹\tex/latex/tools\calc.
sty
Package: calc 2017/05/25 v4.3 Infix arithmetic (KKT,FJ)
\calc@Acount=\count193
\calc@Bcount=\count194
\calc@Adimen=\dimen143
\calc@Bdimen=\dimen144
\calc@Askip=\skip52
\calc@Bskip=\skip53
LaTeX Info: Redefining \setlength on input line 80.
LaTeX Info: Redefining \addtolength on input line 81.
\calc@Ccount=\count195
\calc@Cskip=\skip54
)
(E:\é›†åˆ\ç”µèµ›èµ„æ–™\å…¶ä»–èµ„æ–™\CTeX\æ–°å»ºæ–‡ä»¶å¤¹\tex/latex/float\float
.sty
Package: float 2001/11/08 v1.3d Float enhancements (AL)
\c@float@type=\count196
\float@exts=\toks18
\float@box=\box51
\@float@everytoks=\toks19
\@floatcapt=\box52
)
(E:\é›†åˆ\ç”µèµ›èµ„æ–™\å…¶ä»–èµ„æ–™\CTeX\æ–°å»ºæ–‡ä»¶å¤¹\tex/latex/tools\verba
tim.sty
Package: verbatim 2022-07-02 v1.5u LaTeX2e package for verbatim enhancements
\every@verbatim=\toks20
\verbatim@line=\toks21
\verbatim@in@stream=\read2
)
(E:\é›†åˆ\ç”µèµ›èµ„æ–™\å…¶ä»–èµ„æ–™\CTeX\æ–°å»ºæ–‡ä»¶å¤¹\tex/latex/xcolor\xcol
or.sty
Package: xcolor 2022/06/12 v2.14 LaTeX color extensions (UK)

(E:\é›†åˆ\ç”µèµ›èµ„æ–™\å…¶ä»–èµ„æ–™\CTeX\æ–°å»ºæ–‡ä»¶å¤¹\tex/latex/graphics-cf
g\color.cfg
File: color.cfg 2016/01/02 v1.6 sample color configuration
)
Package xcolor Info: Driver file: pdftex.def on input line 227.

(E:\é›†åˆ\ç”µèµ›èµ„æ–™\å…¶ä»–èµ„æ–™\CTeX\æ–°å»ºæ–‡ä»¶å¤¹\tex/latex/graphics-de
f\pdftex.def
File: pdftex.def 2022/09/22 v1.2b Graphics/color driver for pdftex
)
(E:\é›†åˆ\ç”µèµ›èµ„æ–™\å…¶ä»–èµ„æ–™\CTeX\æ–°å»ºæ–‡ä»¶å¤¹\tex/latex/colortbl\co
lortbl.sty
Package: colortbl 2022/06/20 v1.0f Color table columns (DPC)
\everycr=\toks22
\minrowclearance=\skip55
\rownum=\count197
)
(E:\é›†åˆ\ç”µèµ›èµ„æ–™\å…¶ä»–èµ„æ–™\CTeX\æ–°å»ºæ–‡ä»¶å¤¹\tex/latex/graphics\ma
thcolor.ltx)
Package xcolor Info: Model `cmy' substituted by `cmy0' on input line 1353.
Package xcolor Info: Model `hsb' substituted by `rgb' on input line 1357.
Package xcolor Info: Model `RGB' extended on input line 1369.
Package xcolor Info: Model `HTML' substituted by `rgb' on input line 1371.
Package xcolor Info: Model `Hsb' substituted by `hsb' on input line 1372.
Package xcolor Info: Model `tHsb' substituted by `hsb' on input line 1373.
Package xcolor Info: Model `HSB' substituted by `hsb' on input line 1374.
Package xcolor Info: Model `Gray' substituted by `gray' on input line 1375.
Package xcolor Info: Model `wave' substituted by `hsb' on input line 1376.
) (longtable_doxygen.sty
Package: longtable_doxygen 2014/10/28 v4.11 Multi-page Table package (DPC) - fr
ozen version for doxygen
\LTleft=\skip56
\LTright=\skip57
\LTpre=\skip58
\LTpost=\skip59
\LTchunksize=\count198
\LTcapwidth=\dimen145
\LT@head=\box53
\LT@firsthead=\box54
\LT@foot=\box55
\LT@lastfoot=\box56
\LT@cols=\count199
\LT@rows=\count266
\c@LT@tables=\count267
\c@LT@chunks=\count268
\LT@p@ftn=\toks23
) (tabu_doxygen.sty
Package: tabu_doxygen 2011/02/26 v2.8 - flexible LaTeX tabulars (FC), frozen ve
rsion for doxygen

(E:\é›†åˆ\ç”µèµ›èµ„æ–™\å…¶ä»–èµ„æ–™\CTeX\æ–°å»ºæ–‡ä»¶å¤¹\tex/latex/varwidth\va
rwidth.sty
Package: varwidth 2009/03/30 ver 0.92;  Variable-width minipages
\@vwid@box=\box57
\sift@deathcycles=\count269
\@vwid@loff=\dimen146
\@vwid@roff=\dimen147
)
\c@taburow=\count270
\tabu@nbcols=\count271
\tabu@cnt=\count272
\tabu@Xcol=\count273
\tabu@alloc=\count274
\tabu@nested=\count275
\tabu@target=\dimen148
\tabu@spreadtarget=\dimen149
\tabu@naturalX=\dimen150
\tabucolX=\dimen151
\tabu@Xsum=\dimen152
\extrarowdepth=\dimen153
\abovetabulinesep=\dimen154
\belowtabulinesep=\dimen155
\tabustrutrule=\dimen156
\tabu@thebody=\toks24
\tabu@footnotes=\toks25
\tabu@box=\box58
\tabu@arstrutbox=\box59
\tabu@hleads=\box60
\tabu@vleads=\box61
\tabu@cellskip=\skip60
)
(E:\é›†åˆ\ç”µèµ›èµ„æ–™\å…¶ä»–èµ„æ–™\CTeX\æ–°å»ºæ–‡ä»¶å¤¹\tex/latex/fancyvrb\fa
ncyvrb.sty
Package: fancyvrb 2023/11/06 4.5b verbatim text (tvz,hv)

(E:\é›†åˆ\ç”µèµ›èµ„æ–™\å…¶ä»–èµ„æ–™\CTeX\æ–°å»ºæ–‡ä»¶å¤¹\tex/latex/graphics\ke
yval.sty
Package: keyval 2022/05/29 v1.15 key=value parser (DPC)
\KV@toks@=\toks26
)
\FV@CodeLineNo=\count276
\FV@InFile=\read3
\FV@TabBox=\box62
\c@FancyVerbLine=\count277
\FV@StepNumber=\count278
\FV@OutFile=\write3
)
(E:\é›†åˆ\ç”µèµ›èµ„æ–™\å…¶ä»–èµ„æ–™\CTeX\æ–°å»ºæ–‡ä»¶å¤¹\tex/latex/tools\tabul
arx.sty
Package: tabularx 2020/01/15 v2.11c `tabularx' package (DPC)
\TX@col@width=\dimen157
\TX@old@table=\dimen158
\TX@old@col=\dimen159
\TX@target=\dimen160
\TX@delta=\dimen161
\TX@cols=\count279
\TX@ftn=\toks27
)
(E:\é›†åˆ\ç”µèµ›èµ„æ–™\å…¶ä»–èµ„æ–™\CTeX\æ–°å»ºæ–‡ä»¶å¤¹\tex/latex/tools\multi
col.sty
Package: multicol 2023/03/30 v1.9f multicolumn formatting (FMi)
\c@tracingmulticols=\count280
\mult@box=\box63
\multicol@leftmargin=\dimen162
\c@unbalance=\count281
\c@collectmore=\count282
\doublecol@number=\count283
\multicoltolerance=\count284
\multicolpretolerance=\count285
\full@width=\dimen163
\page@free=\dimen164
\premulticols=\dimen165
\postmulticols=\dimen166
\multicolsep=\skip61
\multicolbaselineskip=\skip62
\partial@page=\box64
\last@line=\box65
\mc@boxedresult=\box66
\maxbalancingoverflow=\dimen167
\mult@rightbox=\box67
\mult@grightbox=\box68
\mult@firstbox=\box69
\mult@gfirstbox=\box70
\@tempa=\box71
\@tempa=\box72
\@tempa=\box73
\@tempa=\box74
\@tempa=\box75
\@tempa=\box76
\@tempa=\box77
\@tempa=\box78
\@tempa=\box79
\@tempa=\box80
\@tempa=\box81
\@tempa=\box82
\@tempa=\box83
\@tempa=\box84
\@tempa=\box85
\@tempa=\box86
\@tempa=\box87
\@tempa=\box88
\@tempa=\box89
\@tempa=\box90
\@tempa=\box91
\@tempa=\box92
\@tempa=\box93
\@tempa=\box94
\@tempa=\box95
\@tempa=\box96
\@tempa=\box97
\@tempa=\box98
\@tempa=\box99
\@tempa=\box100
\@tempa=\box101
\@tempa=\box102
\@tempa=\box103
\@tempa=\box104
\@tempa=\box105
\@tempa=\box106
\c@minrows=\count286
\c@columnbadness=\count287
\c@finalcolumnbadness=\count288
\last@try=\dimen168
\multicolovershoot=\dimen169
\multicolundershoot=\dimen170
\mult@nat@firstbox=\box107
\colbreak@box=\box108
\mc@col@check@num=\count289
)
(E:\é›†åˆ\ç”µèµ›èµ„æ–™\å…¶ä»–èµ„æ–™\CTeX\æ–°å»ºæ–‡ä»¶å¤¹\tex/latex/multirow\mu
ltirow.sty
Package: multirow 2021/03/15 v2.8 Span multiple rows of a table
\multirow@colwidth=\skip63
\multirow@cntb=\count290
\multirow@dima=\skip64
\bigstrutjot=\dimen171
)
(E:\é›†åˆ\ç”µèµ›èµ„æ–™\å…¶ä»–èµ„æ–™\CTeX\æ–°å»ºæ–‡ä»¶å¤¹\tex/latex/hanging\han
ging.sty
Package: hanging 2009/09/02 v1.2b hanging paragraphs and punctuation
\h@ngcommawd=\skip65
\h@ngfstopwd=\skip66
\h@ngquotewd=\skip67
\h@ngdquotewd=\skip68
\h@ngquerywd=\skip69
\h@ngexclwd=\skip70
\h@ngcolonwd=\skip71
\h@ngscolonwd=\skip72
)
(E:\é›†åˆ\ç”µèµ›èµ„æ–™\å…¶ä»–èµ„æ–™\CTeX\æ–°å»ºæ–‡ä»¶å¤¹\tex/generic/iftex\ifp
df.sty
Package: ifpdf 2019/10/25 v3.4 ifpdf legacy package. Use iftex instead.

(E:\é›†åˆ\ç”µèµ›èµ„æ–™\å…¶ä»–èµ„æ–™\CTeX\æ–°å»ºæ–‡ä»¶å¤¹\tex/generic/iftex\ift
ex.sty
Package: iftex 2022/02/03 v1.0f TeX engine tests
))
(E:\é›†åˆ\ç”µèµ›èµ„æ–™\å…¶ä»–èµ„æ–™\CTeX\æ–°å»ºæ–‡ä»¶å¤¹\tex/latex/adjustbox\a
djustbox.sty
Package: adjustbox 2022/10/17 v1.3a Adjusting TeX boxes (trim, clip, ...)

(E:\é›†åˆ\ç”µèµ›èµ„æ–™\å…¶ä»–èµ„æ–™\CTeX\æ–°å»ºæ–‡ä»¶å¤¹\tex/latex/xkeyval\xke
yval.sty
Package: xkeyval 2022/06/16 v2.9 package option processing (HA)

(E:\é›†åˆ\ç”µèµ›èµ„æ–™\å…¶ä»–èµ„æ–™\CTeX\æ–°å»ºæ–‡ä»¶å¤¹\tex/generic/xkeyval\x
keyval.tex
(E:\é›†åˆ\ç”µèµ›èµ„æ–™\å…¶ä»–èµ„æ–™\CTeX\æ–°å»ºæ–‡ä»¶å¤¹\tex/generic/xkeyval\x
kvutils.tex
\XKV@toks=\toks28
\XKV@tempa@toks=\toks29
)
\XKV@depth=\count291
File: xkeyval.tex 2014/12/03 v2.7a key=value parser (HA)
))
(E:\é›†åˆ\ç”µèµ›èµ„æ–™\å…¶ä»–èµ„æ–™\CTeX\æ–°å»ºæ–‡ä»¶å¤¹\tex/latex/adjustbox\a
djcalc.sty
Package: adjcalc 2012/05/16 v1.1 Provides advanced setlength with multiple back
-ends (calc, etex, pgfmath)
)
(E:\é›†åˆ\ç”µèµ›èµ„æ–™\å…¶ä»–èµ„æ–™\CTeX\æ–°å»ºæ–‡ä»¶å¤¹\tex/latex/adjustbox\t
rimclip.sty
Package: trimclip 2020/08/19 v1.2 Trim and clip general TeX material

(E:\é›†åˆ\ç”µèµ›èµ„æ–™\å…¶ä»–èµ„æ–™\CTeX\æ–°å»ºæ–‡ä»¶å¤¹\tex/latex/graphics\gr
aphicx.sty
Package: graphicx 2021/09/16 v1.2d Enhanced LaTeX Graphics (DPC,SPQR)

(E:\é›†åˆ\ç”µèµ›èµ„æ–™\å…¶ä»–èµ„æ–™\CTeX\æ–°å»ºæ–‡ä»¶å¤¹\tex/latex/graphics\gr
aphics.sty
Package: graphics 2022/03/10 v1.4e Standard LaTeX Graphics (DPC,SPQR)

(E:\é›†åˆ\ç”µèµ›èµ„æ–™\å…¶ä»–èµ„æ–™\CTeX\æ–°å»ºæ–‡ä»¶å¤¹\tex/latex/graphics\tr
ig.sty
Package: trig 2021/08/11 v1.11 sin cos tan (DPC)
)
(E:\é›†åˆ\ç”µèµ›èµ„æ–™\å…¶ä»–èµ„æ–™\CTeX\æ–°å»ºæ–‡ä»¶å¤¹\tex/latex/graphics-cf
g\graphics.cfg
File: graphics.cfg 2016/06/04 v1.11 sample graphics configuration
)
Package graphics Info: Driver file: pdftex.def on input line 107.
)
\Gin@req@height=\dimen172
\Gin@req@width=\dimen173
)
(E:\é›†åˆ\ç”µèµ›èµ„æ–™\å…¶ä»–èµ„æ–™\CTeX\æ–°å»ºæ–‡ä»¶å¤¹\tex/latex/collectbox\
collectbox.sty
Package: collectbox 2022/10/17 v0.4c Collect macro arguments as boxes
\collectedbox=\box109
)
\tc@llx=\dimen174
\tc@lly=\dimen175
\tc@urx=\dimen176
\tc@ury=\dimen177
Package trimclip Info: Using driver 'tc-pdftex.def'.

(E:\é›†åˆ\ç”µèµ›èµ„æ–™\å…¶ä»–èµ„æ–™\CTeX\æ–°å»ºæ–‡ä»¶å¤¹\tex/latex/adjustbox\t
c-pdftex.def
File: tc-pdftex.def 2019/01/04 v2.2 Clipping driver for pdftex
))
\adjbox@Width=\dimen178
\adjbox@Height=\dimen179
\adjbox@Depth=\dimen180
\adjbox@Totalheight=\dimen181
\adjbox@pwidth=\dimen182
\adjbox@pheight=\dimen183
\adjbox@pdepth=\dimen184
\adjbox@ptotalheight=\dimen185

(E:\é›†åˆ\ç”µèµ›èµ„æ–™\å…¶ä»–èµ„æ–™\CTeX\æ–°å»ºæ–‡ä»¶å¤¹\tex/latex/ifoddpage\i
foddpage.sty
Package: ifoddpage 2022/10/18 v1.2 Conditionals for odd/even page detection
\c@checkoddpage=\count292
))
(E:\é›†åˆ\ç”µèµ›èµ„æ–™\å…¶ä»–èµ„æ–™\CTeX\æ–°å»ºæ–‡ä»¶å¤¹\tex/latex/amsfonts\am
ssymb.sty
Package: amssymb 2013/01/14 v3.01 AMS font symbols

(E:\é›†åˆ\ç”µèµ›èµ„æ–™\å…¶ä»–èµ„æ–™\CTeX\æ–°å»ºæ–‡ä»¶å¤¹\tex/latex/amsfonts\am
sfonts.sty
Package: amsfonts 2013/01/14 v3.01 Basic AMSFonts support
\@emptytoks=\toks30
\symAMSa=\mathgroup4
\symAMSb=\mathgroup5
LaTeX Font Info:    Redeclaring math symbol \hbar on input line 98.
LaTeX Font Info:    Overwriting math alphabet `\mathfrak' in version `bold'
(Font)                  U/euf/m/n --> U/euf/b/n on input line 106.
))
(E:\é›†åˆ\ç”µèµ›èµ„æ–™\å…¶ä»–èµ„æ–™\CTeX\æ–°å»ºæ–‡ä»¶å¤¹\tex/latex/stackengine
\stackengine.sty
Package: stackengine 2021/07/22 v4.11\ Stacking text and objects in convenient 
ways

(E:\é›†åˆ\ç”µèµ›èµ„æ–™\å…¶ä»–èµ„æ–™\CTeX\æ–°å»ºæ–‡ä»¶å¤¹\tex/latex/etoolbox\et
oolbox.sty
Package: etoolbox 2020/10/05 v2.5k e-TeX tools for LaTeX (JAW)
\etb@tempcnta=\count293
)
(E:\é›†åˆ\ç”µèµ›èµ„æ–™\å…¶ä»–èµ„æ–™\CTeX\æ–°å»ºæ–‡ä»¶å¤¹\tex/latex/listofitems
\listofitems.sty
(E:\é›†åˆ\ç”µèµ›èµ„æ–™\å…¶ä»–èµ„æ–™\CTeX\æ–°å»ºæ–‡ä»¶å¤¹\tex/generic/listofite
ms\listofitems.tex
\loi_cnt_foreach_nest=\count294
\loi_nestcnt=\count295
)
Package: listofitems 2019/08/21 v1.63 Grab items in lists using user-specified 
sep char (CT)
)
\c@@stackindex=\count296
\@boxshift=\skip73
\stack@tmplength=\skip74
\temp@stkl=\skip75
\@stackedboxwidth=\skip76
\@addedbox=\box110
\@anchorbox=\box111
\@insetbox=\box112
\se@backgroundbox=\box113
\stackedbox=\box114
\@centerbox=\box115
\c@ROWcellindex@=\count297
)
(E:\é›†åˆ\ç”µèµ›èµ„æ–™\å…¶ä»–èµ„æ–™\CTeX\æ–°å»ºæ–‡ä»¶å¤¹\tex/latex/enumitem\en
umitem.sty
Package: enumitem 2019/06/20 v3.9 Customized lists
\labelindent=\skip77
\enit@outerparindent=\dimen186
\enit@toks=\toks31
\enit@inbox=\box116
\enit@count@id=\count298
\enitdp@description=\count299
)
(E:\é›†åˆ\ç”µèµ›èµ„æ–™\å…¶ä»–èµ„æ–™\CTeX\æ–°å»ºæ–‡ä»¶å¤¹\tex/generic/alphalph\
alphalph.sty
Package: alphalph 2019/12/09 v2.6 Convert numbers to letters (HO)

(E:\é›†åˆ\ç”µèµ›èµ„æ–™\å…¶ä»–èµ„æ–™\CTeX\æ–°å»ºæ–‡ä»¶å¤¹\tex/generic/intcalc\i
ntcalc.sty
Package: intcalc 2019/12/15 v1.3 Expandable calculations with integers (HO)
))
(E:\é›†åˆ\ç”µèµ›èµ„æ–™\å…¶ä»–èµ„æ–™\CTeX\æ–°å»ºæ–‡ä»¶å¤¹\tex/latex/ulem\ulem.s
ty
\UL@box=\box117
\UL@hyphenbox=\box118
\UL@skip=\skip78
\UL@hook=\toks32
\UL@height=\dimen187
\UL@pe=\count300
\UL@pixel=\dimen188
\ULC@box=\box119
Package: ulem 2019/11/18
\ULdepth=\dimen189
)
\xrefbox=\box120
\xreflength=\skip79
\CodeWidthChar=\skip80
\CodeHeightChar=\skip81
\DoxyCodeWidth=\skip82
\c@DoxyEnumeratei=\count301
\c@DoxyEnumerateii=\count302
\c@DoxyEnumerateiii=\count303
\c@DoxyEnumerateiv=\count304
\c@DoxyEnumeratev=\count305
\c@DoxyEnumeratevi=\count306
\c@DoxyEnumeratevii=\count307
\c@DoxyEnumerateviii=\count308
\c@DoxyEnumerateix=\count309
\c@DoxyEnumeratex=\count310
\c@DoxyEnumeratexi=\count311
\c@DoxyEnumeratexii=\count312
\enitdp@DoxyEnumerate=\count313
\enitdp@DoxyItemize=\count314
\c@subsubsubsection=\count315
\c@subsubsubsubsection=\count316
\c@subsubsubsubsubsection=\count317
\c@subsubsubsubsubsubsection=\count318
)
(E:\é›†åˆ\ç”µèµ›èµ„æ–™\å…¶ä»–èµ„æ–™\CTeX\æ–°å»ºæ–‡ä»¶å¤¹\tex/latex/base\inpute
nc.sty
Package: inputenc 2021/02/14 v1.3d Input encoding file
\inpenc@prehook=\toks33
\inpenc@posthook=\toks34
)
(E:\é›†åˆ\ç”µèµ›èµ„æ–™\å…¶ä»–èµ„æ–™\CTeX\æ–°å»ºæ–‡ä»¶å¤¹\tex/latex/base\makeid
x.sty
Package: makeidx 2021/10/04 v1.0m Standard LaTeX package
)
(E:\é›†åˆ\ç”µèµ›èµ„æ–™\å…¶ä»–èµ„æ–™\CTeX\æ–°å»ºæ–‡ä»¶å¤¹\tex/latex/base\textco
mp.sty
Package: textcomp 2020/02/02 v2.0n Standard LaTeX package
)
(E:\é›†åˆ\ç”µèµ›èµ„æ–™\å…¶ä»–èµ„æ–™\CTeX\æ–°å»ºæ–‡ä»¶å¤¹\tex/latex/wasysym\was
ysym.sty
Package: wasysym 2020/01/19 v2.4 Wasy-2 symbol support package
\symwasy=\mathgroup6
LaTeX Font Info:    Overwriting symbol font `wasy' in version `bold'
(Font)                  U/wasy/m/n --> U/wasy/b/n on input line 93.
)
(E:\é›†åˆ\ç”µèµ›èµ„æ–™\å…¶ä»–èµ„æ–™\CTeX\æ–°å»ºæ–‡ä»¶å¤¹\tex/generic/iftex\ifx
etex.sty
Package: ifxetex 2019/10/25 v0.7 ifxetex legacy package. Use iftex instead.
)
(E:\é›†åˆ\ç”µèµ›èµ„æ–™\å…¶ä»–èµ„æ–™\CTeX\æ–°å»ºæ–‡ä»¶å¤¹\tex/latex/cjk\CJKutf8
.sty
Package: CJKutf8 2021/10/16 4.8.5

(E:\é›†åˆ\ç”µèµ›èµ„æ–™\å…¶ä»–èµ„æ–™\CTeX\æ–°å»ºæ–‡ä»¶å¤¹\tex/latex/cjk\CJK.sty
Package: CJK 2021/10/16 4.8.5

(E:\é›†åˆ\ç”µèµ›èµ„æ–™\å…¶ä»–èµ„æ–™\CTeX\æ–°å»ºæ–‡ä»¶å¤¹\tex/latex/cjk/mule\MU
LEenc.sty
Package: MULEenc 2021/10/16 4.8.5
)
(E:\é›†åˆ\ç”µèµ›èµ„æ–™\å…¶ä»–èµ„æ–™\CTeX\æ–°å»ºæ–‡ä»¶å¤¹\tex/latex/cjk\CJK.enc
File: CJK.enc 2021/10/16 4.8.5
Now handling font encoding C00 ...
... no UTF-8 mapping file for font encoding C00
Now handling font encoding C05 ...
... no UTF-8 mapping file for font encoding C05
Now handling font encoding C09 ...
... no UTF-8 mapping file for font encoding C09
Now handling font encoding C10 ...
... no UTF-8 mapping file for font encoding C10
Now handling font encoding C20 ...
... no UTF-8 mapping file for font encoding C20
Now handling font encoding C19 ...
... no UTF-8 mapping file for font encoding C19
Now handling font encoding C40 ...
... no UTF-8 mapping file for font encoding C40
Now handling font encoding C42 ...
... no UTF-8 mapping file for font encoding C42
Now handling font encoding C43 ...
... no UTF-8 mapping file for font encoding C43
Now handling font encoding C50 ...
... no UTF-8 mapping file for font encoding C50
Now handling font encoding C52 ...
... no UTF-8 mapping file for font encoding C52
Now handling font encoding C49 ...
... no UTF-8 mapping file for font encoding C49
Now handling font encoding C60 ...
... no UTF-8 mapping file for font encoding C60
Now handling font encoding C61 ...
... no UTF-8 mapping file for font encoding C61
Now handling font encoding C63 ...
... no UTF-8 mapping file for font encoding C63
Now handling font encoding C64 ...
... no UTF-8 mapping file for font encoding C64
Now handling font encoding C65 ...
... no UTF-8 mapping file for font encoding C65
Now handling font encoding C70 ...
... no UTF-8 mapping file for font encoding C70
Now handling font encoding C31 ...
... no UTF-8 mapping file for font encoding C31
Now handling font encoding C32 ...
... no UTF-8 mapping file for font encoding C32
Now handling font encoding C33 ...
... no UTF-8 mapping file for font encoding C33
Now handling font encoding C34 ...
... no UTF-8 mapping file for font encoding C34
Now handling font encoding C35 ...
... no UTF-8 mapping file for font encoding C35
Now handling font encoding C36 ...
... no UTF-8 mapping file for font encoding C36
Now handling font encoding C37 ...
... no UTF-8 mapping file for font encoding C37
Now handling font encoding C80 ...
... no UTF-8 mapping file for font encoding C80
Now handling font encoding C81 ...
... no UTF-8 mapping file for font encoding C81
Now handling font encoding C01 ...
... no UTF-8 mapping file for font encoding C01
Now handling font encoding C11 ...
... no UTF-8 mapping file for font encoding C11
Now handling font encoding C21 ...
... no UTF-8 mapping file for font encoding C21
Now handling font encoding C41 ...
... no UTF-8 mapping file for font encoding C41
Now handling font encoding C62 ...
... no UTF-8 mapping file for font encoding C62
)
\CJK@indent=\box121
)
(E:\é›†åˆ\ç”µèµ›èµ„æ–™\å…¶ä»–èµ„æ–™\CTeX\æ–°å»ºæ–‡ä»¶å¤¹\tex/latex/base\fonten
c.sty
Package: fontenc 2021/04/29 v2.0v Standard LaTeX package
))
(E:\é›†åˆ\ç”µèµ›èµ„æ–™\å…¶ä»–èµ„æ–™\CTeX\æ–°å»ºæ–‡ä»¶å¤¹\tex/latex/psnfss\helv
et.sty
Package: helvet 2020/03/25 PSNFSS-v9.3 (WaS) 
)
(E:\é›†åˆ\ç”µèµ›èµ„æ–™\å…¶ä»–èµ„æ–™\CTeX\æ–°å»ºæ–‡ä»¶å¤¹\tex/latex/psnfss\cour
ier.sty
Package: courier 2020/03/25 PSNFSS-v9.3 (WaS) 
)
(E:\é›†åˆ\ç”µèµ›èµ„æ–™\å…¶ä»–èµ„æ–™\CTeX\æ–°å»ºæ–‡ä»¶å¤¹\tex/latex/geometry\ge
ometry.sty
Package: geometry 2020/01/02 v5.9 Page Geometry

(E:\é›†åˆ\ç”µèµ›èµ„æ–™\å…¶ä»–èµ„æ–™\CTeX\æ–°å»ºæ–‡ä»¶å¤¹\tex/generic/iftex\ifv
tex.sty
Package: ifvtex 2019/10/25 v1.7 ifvtex legacy package. Use iftex instead.
)
\Gm@cnth=\count319
\Gm@cntv=\count320
\c@Gm@tempcnt=\count321
\Gm@bindingoffset=\dimen190
\Gm@wd@mp=\dimen191
\Gm@odd@mp=\dimen192
\Gm@even@mp=\dimen193
\Gm@layoutwidth=\dimen194
\Gm@layoutheight=\dimen195
\Gm@layouthoffset=\dimen196
\Gm@layoutvoffset=\dimen197
\Gm@dimlist=\toks35

(E:\é›†åˆ\ç”µèµ›èµ„æ–™\å…¶ä»–èµ„æ–™\CTeX\æ–°å»ºæ–‡ä»¶å¤¹\tex/latex/geometry\ge
ometry.cfg))
(E:\é›†åˆ\ç”µèµ›èµ„æ–™\å…¶ä»–èµ„æ–™\CTeX\æ–°å»ºæ–‡ä»¶å¤¹\tex/latex/changepage\
changepage.sty
Package: changepage 2009/10/20 v1.0c check page and change page layout
\c@cp@cntr=\count322
\cp@tempcnt=\count323
LaTeX Info: Redefining \checkoddpage on input line 59.
)
(E:\é›†åˆ\ç”µèµ›èµ„æ–™\å…¶ä»–èµ„æ–™\CTeX\æ–°å»ºæ–‡ä»¶å¤¹\tex/latex/fancyhdr\fa
ncyhdr.sty
Package: fancyhdr 2022/11/09 v4.1 Extensive control of page headers and footers

\f@nch@headwidth=\skip83
\f@nch@O@elh=\skip84
\f@nch@O@erh=\skip85
\f@nch@O@olh=\skip86
\f@nch@O@orh=\skip87
\f@nch@O@elf=\skip88
\f@nch@O@erf=\skip89
\f@nch@O@olf=\skip90
\f@nch@O@orf=\skip91
)
(E:\é›†åˆ\ç”µèµ›èµ„æ–™\å…¶ä»–èµ„æ–™\CTeX\æ–°å»ºæ–‡ä»¶å¤¹\tex/latex/natbib\natb
ib.sty
Package: natbib 2010/09/13 8.31b (PWD, AO)
\bibhang=\skip92
\bibsep=\skip93
LaTeX Info: Redefining \cite on input line 694.
\c@NAT@ctr=\count324
)
(E:\é›†åˆ\ç”µèµ›èµ„æ–™\å…¶ä»–èµ„æ–™\CTeX\æ–°å»ºæ–‡ä»¶å¤¹\tex/latex/tocloft\toc
loft.sty
Package: tocloft 2017/08/31 v2.3i parameterised ToC, etc., typesetting
Package tocloft Info: The document has section divisions on input line 51.
\cftparskip=\skip94
\cftbeforetoctitleskip=\skip95
\cftaftertoctitleskip=\skip96
\cftbeforepartskip=\skip97
\cftpartnumwidth=\skip98
\cftpartindent=\skip99
\cftbeforesecskip=\skip100
\cftsecindent=\skip101
\cftsecnumwidth=\skip102
\cftbeforesubsecskip=\skip103
\cftsubsecindent=\skip104
\cftsubsecnumwidth=\skip105
\cftbeforesubsubsecskip=\skip106
\cftsubsubsecindent=\skip107
\cftsubsubsecnumwidth=\skip108
\cftbeforeparaskip=\skip109
\cftparaindent=\skip110
\cftparanumwidth=\skip111
\cftbeforesubparaskip=\skip112
\cftsubparaindent=\skip113
\cftsubparanumwidth=\skip114
\cftbeforeloftitleskip=\skip115
\cftafterloftitleskip=\skip116
\cftbeforefigskip=\skip117
\cftfigindent=\skip118
\cftfignumwidth=\skip119
\c@lofdepth=\count325
\c@lotdepth=\count326
\cftbeforelottitleskip=\skip120
\cftafterlottitleskip=\skip121
\cftbeforetabskip=\skip122
\cfttabindent=\skip123
\cfttabnumwidth=\skip124
)
\@indexfile=\write4
\openout4 = `refman.idx'.


Writing index file refman.idx

(E:\é›†åˆ\ç”µèµ›èµ„æ–™\å…¶ä»–èµ„æ–™\CTeX\æ–°å»ºæ–‡ä»¶å¤¹\tex/latex/newunicodec
har\newunicodechar.sty
Package: newunicodechar 2018/04/08 v1.2 Defining Unicode characters
)
(E:\é›†åˆ\ç”µèµ›èµ„æ–™\å…¶ä»–èµ„æ–™\CTeX\æ–°å»ºæ–‡ä»¶å¤¹\tex/latex/hyperref\hy
perref.sty
Package: hyperref 2023-07-08 v7.01b Hypertext links for LaTeX

(E:\é›†åˆ\ç”µèµ›èµ„æ–™\å…¶ä»–èµ„æ–™\CTeX\æ–°å»ºæ–‡ä»¶å¤¹\tex/generic/ltxcmds\l
txcmds.sty
Package: ltxcmds 2023-12-04 v1.26 LaTeX kernel commands for general use (HO)
)
(E:\é›†åˆ\ç”µèµ›èµ„æ–™\å…¶ä»–èµ„æ–™\CTeX\æ–°å»ºæ–‡ä»¶å¤¹\tex/generic/pdftexcmd
s\pdftexcmds.sty
Package: pdftexcmds 2020-06-27 v0.33 Utility functions of pdfTeX for LuaTeX (HO
)
Package pdftexcmds Info: \pdf@primitive is available.
Package pdftexcmds Info: \pdf@ifprimitive is available.
Package pdftexcmds Info: \pdfdraftmode found.
)
(E:\é›†åˆ\ç”µèµ›èµ„æ–™\å…¶ä»–èµ„æ–™\CTeX\æ–°å»ºæ–‡ä»¶å¤¹\tex/latex/kvsetkeys\k
vsetkeys.sty
Package: kvsetkeys 2022-10-05 v1.19 Key value parser (HO)
)
(E:\é›†åˆ\ç”µèµ›èµ„æ–™\å…¶ä»–èµ„æ–™\CTeX\æ–°å»ºæ–‡ä»¶å¤¹\tex/generic/kvdefinek
eys\kvdefinekeys.sty
Package: kvdefinekeys 2019-12-19 v1.6 Define keys (HO)
)
(E:\é›†åˆ\ç”µèµ›èµ„æ–™\å…¶ä»–èµ„æ–™\CTeX\æ–°å»ºæ–‡ä»¶å¤¹\tex/generic/pdfescape
\pdfescape.sty
Package: pdfescape 2019/12/09 v1.15 Implements pdfTeX's escape features (HO)
)
(E:\é›†åˆ\ç”µèµ›èµ„æ–™\å…¶ä»–èµ„æ–™\CTeX\æ–°å»ºæ–‡ä»¶å¤¹\tex/latex/hycolor\hyc
olor.sty
Package: hycolor 2020-01-27 v1.10 Color options for hyperref/bookmark (HO)
)
(E:\é›†åˆ\ç”µèµ›èµ„æ–™\å…¶ä»–èµ„æ–™\CTeX\æ–°å»ºæ–‡ä»¶å¤¹\tex/latex/letltxmacro
\letltxmacro.sty
Package: letltxmacro 2019/12/03 v1.6 Let assignment for LaTeX macros (HO)
)
(E:\é›†åˆ\ç”µèµ›èµ„æ–™\å…¶ä»–èµ„æ–™\CTeX\æ–°å»ºæ–‡ä»¶å¤¹\tex/latex/auxhook\aux
hook.sty
Package: auxhook 2019-12-17 v1.6 Hooks for auxiliary files (HO)
)
(E:\é›†åˆ\ç”µèµ›èµ„æ–™\å…¶ä»–èµ„æ–™\CTeX\æ–°å»ºæ–‡ä»¶å¤¹\tex/latex/hyperref\na
meref.sty
Package: nameref 2023-08-07 v2.53 Cross-referencing by name of section

(E:\é›†åˆ\ç”µèµ›èµ„æ–™\å…¶ä»–èµ„æ–™\CTeX\æ–°å»ºæ–‡ä»¶å¤¹\tex/latex/refcount\re
fcount.sty
Package: refcount 2019/12/15 v3.6 Data extraction from label references (HO)
)
(E:\é›†åˆ\ç”µèµ›èµ„æ–™\å…¶ä»–èµ„æ–™\CTeX\æ–°å»ºæ–‡ä»¶å¤¹\tex/generic/gettitles
tring\gettitlestring.sty
Package: gettitlestring 2019/12/15 v1.6 Cleanup title references (HO)

(E:\é›†åˆ\ç”µèµ›èµ„æ–™\å…¶ä»–èµ„æ–™\CTeX\æ–°å»ºæ–‡ä»¶å¤¹\tex/latex/kvoptions\k
voptions.sty
Package: kvoptions 2022-06-15 v3.15 Key value format for package options (HO)
))
\c@section@level=\count327
)
\@linkdim=\dimen198
\Hy@linkcounter=\count328
\Hy@pagecounter=\count329

(E:\é›†åˆ\ç”µèµ›èµ„æ–™\å…¶ä»–èµ„æ–™\CTeX\æ–°å»ºæ–‡ä»¶å¤¹\tex/latex/hyperref\pd
1enc.def
File: pd1enc.def 2023-07-08 v7.01b Hyperref: PDFDocEncoding definition (HO)
Now handling font encoding PD1 ...
... no UTF-8 mapping file for font encoding PD1
)
\Hy@SavedSpaceFactor=\count330

(E:\é›†åˆ\ç”µèµ›èµ„æ–™\å…¶ä»–èµ„æ–™\CTeX\æ–°å»ºæ–‡ä»¶å¤¹\tex/latex/hyperref\pu
enc.def
File: puenc.def 2023-07-08 v7.01b Hyperref: PDF Unicode definition (HO)
Now handling font encoding PU ...
... no UTF-8 mapping file for font encoding PU
)
Package hyperref Info: Hyper figures OFF on input line 4167.
Package hyperref Info: Link nesting OFF on input line 4172.
Package hyperref Info: Hyper index ON on input line 4175.
Package hyperref Info: Plain pages OFF on input line 4182.
Package hyperref Info: Backreferencing ON on input line 4185.
Package hyperref Info: Implicit mode ON; LaTeX internals redefined.
Package hyperref Info: Bookmarks ON on input line 4434.

(E:\é›†åˆ\ç”µèµ›èµ„æ–™\å…¶ä»–èµ„æ–™\CTeX\æ–°å»ºæ–‡ä»¶å¤¹\tex/latex/hyperref\ba
ckref.sty
Package: backref 2023/04/20 v1.42 Bibliographical back referencing

(E:\é›†åˆ\ç”µèµ›èµ„æ–™\å…¶ä»–èµ„æ–™\CTeX\æ–°å»ºæ–‡ä»¶å¤¹\tex/latex/rerunfilech
eck\rerunfilecheck.sty
Package: rerunfilecheck 2022-07-10 v1.10 Rerun checks for auxiliary files (HO)

(E:\é›†åˆ\ç”µèµ›èµ„æ–™\å…¶ä»–èµ„æ–™\CTeX\æ–°å»ºæ–‡ä»¶å¤¹\tex/latex/base\atvery
end-ltx.sty
Package: atveryend-ltx 2020/08/19 v1.0a Emulation of the original atveryend pac
kage
with kernel methods
)
(E:\é›†åˆ\ç”µèµ›èµ„æ–™\å…¶ä»–èµ„æ–™\CTeX\æ–°å»ºæ–‡ä»¶å¤¹\tex/generic/uniquecou
nter\uniquecounter.sty
Package: uniquecounter 2019/12/15 v1.4 Provide unlimited unique counter (HO)

(E:\é›†åˆ\ç”µèµ›èµ„æ–™\å…¶ä»–èµ„æ–™\CTeX\æ–°å»ºæ–‡ä»¶å¤¹\tex/generic/bigintcal
c\bigintcalc.sty
Package: bigintcalc 2019/12/15 v1.5 Expandable calculations on big integers (HO
)
))
Package uniquecounter Info: New unique counter `rerunfilecheck' on input line 2
85.
))
\c@Hy@tempcnt=\count331

(E:\é›†åˆ\ç”µèµ›èµ„æ–™\å…¶ä»–èµ„æ–™\CTeX\æ–°å»ºæ–‡ä»¶å¤¹\tex/latex/url\url.sty
\Urlmuskip=\muskip16
Package: url 2013/09/16  ver 3.4  Verb mode for urls, etc.
)
LaTeX Info: Redefining \url on input line 4772.
\XeTeXLinkMargin=\dimen199

(E:\é›†åˆ\ç”µèµ›èµ„æ–™\å…¶ä»–èµ„æ–™\CTeX\æ–°å»ºæ–‡ä»¶å¤¹\tex/generic/bitset\bi
tset.sty
Package: bitset 2019/12/09 v1.3 Handle bit-vector datatype (HO)
)
\Fld@menulength=\count332
\Field@Width=\dimen256
\Fld@charsize=\dimen257
Package hyperref Info: Hyper figures OFF on input line 6051.
Package hyperref Info: Link nesting OFF on input line 6056.
Package hyperref Info: Hyper index ON on input line 6059.
Package hyperref Info: backreferencing ON on input line 6064.
Package hyperref Info: Link coloring OFF on input line 6071.
Package hyperref Info: Link coloring with OCG OFF on input line 6076.
Package hyperref Info: PDF/A mode OFF on input line 6081.

(E:\é›†åˆ\ç”µèµ›èµ„æ–™\å…¶ä»–èµ„æ–™\CTeX\æ–°å»ºæ–‡ä»¶å¤¹\tex/latex/base\atbegs
hi-ltx.sty
Package: atbegshi-ltx 2021/01/10 v1.0c Emulation of the original atbegshi
package with kernel methods
)
\Hy@abspage=\count333
\c@Item=\count334
\c@Hfootnote=\count335
)
Package hyperref Info: Driver: hpdftex.

(E:\é›†åˆ\ç”µèµ›èµ„æ–™\å…¶ä»–èµ„æ–™\CTeX\æ–°å»ºæ–‡ä»¶å¤¹\tex/latex/hyperref\hp
dftex.def
File: hpdftex.def 2023-07-08 v7.01b Hyperref driver for pdfTeX
\Fld@listcount=\count336
\c@bookmark@seq@number=\count337
\Hy@SectionHShift=\skip125
)
Package hyperref Info: Option `colorlinks' set `true' on input line 158.
Package hyperref Info: Option `unicode' set `true' on input line 158.

(E:\é›†åˆ\ç”µèµ›èµ„æ–™\å…¶ä»–èµ„æ–™\CTeX\æ–°å»ºæ–‡ä»¶å¤¹\tex/latex/caption\cap
tion.sty
Package: caption 2023/08/05 v3.6o Customizing captions (AR)

(E:\é›†åˆ\ç”µèµ›èµ„æ–™\å…¶ä»–èµ„æ–™\CTeX\æ–°å»ºæ–‡ä»¶å¤¹\tex/latex/caption\cap
tion3.sty
Package: caption3 2023/07/31 v2.4d caption3 kernel (AR)
\caption@tempdima=\dimen258
\captionmargin=\dimen259
\caption@leftmargin=\dimen260
\caption@rightmargin=\dimen261
\caption@width=\dimen262
\caption@indent=\dimen263
\caption@parindent=\dimen264
\caption@hangindent=\dimen265
Package caption Info: Standard document class detected.
)
\c@caption@flags=\count338
\c@continuedfloat=\count339
Package caption Info: changepage package is loaded.
\caption@adjustwidth@hsize=\dimen266
\caption@adjustwidth@linewidth=\dimen267
Package caption Info: float package is loaded.
Package caption Info: hyperref package is loaded.
Package caption Info: longtable package is loaded.

(E:\é›†åˆ\ç”µèµ›èµ„æ–™\å…¶ä»–èµ„æ–™\CTeX\æ–°å»ºæ–‡ä»¶å¤¹\tex/latex/caption\ltc
aption.sty
Package: ltcaption 2021/01/08 v1.4c longtable captions (AR)
))
(E:\é›†åˆ\ç”µèµ›èµ„æ–™\å…¶ä»–èµ„æ–™\CTeX\æ–°å»ºæ–‡ä»¶å¤¹\tex/latex/etoc\etoc.s
ty
Package: etoc 2023/10/29 v1.2d Completely customisable TOCs (JFB)
\Etoc@toctoks=\toks36
\c@etoc@tocid=\count340
\etoc@framed@titlebox=\box122
\etoc@framed@contentsbox=\box123
)
LaTeX Font Info:    Trying to load font information for OT1+phv on input line 1
80.

(E:\é›†åˆ\ç”µèµ›èµ„æ–™\å…¶ä»–èµ„æ–™\CTeX\æ–°å»ºæ–‡ä»¶å¤¹\tex/latex/psnfss\ot1p
hv.fd
File: ot1phv.fd 2020/03/25 scalable font definitions for OT1/phv.
)
LaTeX Font Info:    Font shape `OT1/phv/m/n' will be
(Font)              scaled to size 8.99994pt on input line 180.

(E:\é›†åˆ\ç”µèµ›èµ„æ–™\å…¶ä»–èµ„æ–™\CTeX\æ–°å»ºæ–‡ä»¶å¤¹\tex/latex/l3backend\l
3backend-pdftex.def
File: l3backend-pdftex.def 2023-04-19 L3 backend support: PDF output (pdfTeX)
\l__color_backend_stack_int=\count341
\l__pdf_internal_box=\box124
) (refman.aux)
\openout1 = `refman.aux'.

LaTeX Font Info:    Checking defaults for OML/cmm/m/it on input line 180.
LaTeX Font Info:    ... okay on input line 180.
LaTeX Font Info:    Checking defaults for OMS/cmsy/m/n on input line 180.
LaTeX Font Info:    ... okay on input line 180.
LaTeX Font Info:    Checking defaults for OT1/cmr/m/n on input line 180.
LaTeX Font Info:    ... okay on input line 180.
LaTeX Font Info:    Checking defaults for T1/cmr/m/n on input line 180.
LaTeX Font Info:    ... okay on input line 180.
LaTeX Font Info:    Checking defaults for TS1/cmr/m/n on input line 180.
LaTeX Font Info:    ... okay on input line 180.
LaTeX Font Info:    Checking defaults for OMX/cmex/m/n on input line 180.
LaTeX Font Info:    ... okay on input line 180.
LaTeX Font Info:    Checking defaults for U/cmr/m/n on input line 180.
LaTeX Font Info:    ... okay on input line 180.
LaTeX Font Info:    Checking defaults for C00/song/m/n on input line 180.
LaTeX Font Info:    ... okay on input line 180.
LaTeX Font Info:    Checking defaults for C05/song/m/n on input line 180.
LaTeX Font Info:    ... okay on input line 180.
LaTeX Font Info:    Checking defaults for C09/song/m/n on input line 180.
LaTeX Font Info:    ... okay on input line 180.
LaTeX Font Info:    Checking defaults for C10/song/m/n on input line 180.
LaTeX Font Info:    ... okay on input line 180.
LaTeX Font Info:    Checking defaults for C20/song/m/n on input line 180.
LaTeX Font Info:    ... okay on input line 180.
LaTeX Font Info:    Checking defaults for C19/song/m/n on input line 180.
LaTeX Font Info:    ... okay on input line 180.
LaTeX Font Info:    Checking defaults for C40/song/m/n on input line 180.
LaTeX Font Info:    ... okay on input line 180.
LaTeX Font Info:    Checking defaults for C42/song/m/n on input line 180.
LaTeX Font Info:    ... okay on input line 180.
LaTeX Font Info:    Checking defaults for C43/song/m/n on input line 180.
LaTeX Font Info:    ... okay on input line 180.
LaTeX Font Info:    Checking defaults for C50/song/m/n on input line 180.
LaTeX Font Info:    ... okay on input line 180.
LaTeX Font Info:    Checking defaults for C52/song/m/n on input line 180.
LaTeX Font Info:    ... okay on input line 180.
LaTeX Font Info:    Checking defaults for C49/song/m/n on input line 180.
LaTeX Font Info:    ... okay on input line 180.
LaTeX Font Info:    Checking defaults for C60/mj/m/n on input line 180.
LaTeX Font Info:    ... okay on input line 180.
LaTeX Font Info:    Checking defaults for C61/mj/m/n on input line 180.
LaTeX Font Info:    ... okay on input line 180.
LaTeX Font Info:    Checking defaults for C63/mj/m/n on input line 180.
LaTeX Font Info:    ... okay on input line 180.
LaTeX Font Info:    Checking defaults for C64/mj/m/n on input line 180.
LaTeX Font Info:    ... okay on input line 180.
LaTeX Font Info:    Checking defaults for C65/mj/m/n on input line 180.
LaTeX Font Info:    ... okay on input line 180.
LaTeX Font Info:    Checking defaults for C70/song/m/n on input line 180.
LaTeX Font Info:    ... okay on input line 180.
LaTeX Font Info:    Checking defaults for C31/song/m/n on input line 180.
LaTeX Font Info:    ... okay on input line 180.
LaTeX Font Info:    Checking defaults for C32/song/m/n on input line 180.
LaTeX Font Info:    ... okay on input line 180.
LaTeX Font Info:    Checking defaults for C33/song/m/n on input line 180.
LaTeX Font Info:    ... okay on input line 180.
LaTeX Font Info:    Checking defaults for C34/song/m/n on input line 180.
LaTeX Font Info:    ... okay on input line 180.
LaTeX Font Info:    Checking defaults for C35/song/m/n on input line 180.
LaTeX Font Info:    ... okay on input line 180.
LaTeX Font Info:    Checking defaults for C36/song/m/n on input line 180.
LaTeX Font Info:    ... okay on input line 180.
LaTeX Font Info:    Checking defaults for C37/song/m/n on input line 180.
LaTeX Font Info:    ... okay on input line 180.
LaTeX Font Info:    Checking defaults for C80/song/m/n on input line 180.
LaTeX Font Info:    ... okay on input line 180.
LaTeX Font Info:    Checking defaults for C81/song/m/n on input line 180.
LaTeX Font Info:    ... okay on input line 180.
LaTeX Font Info:    Checking defaults for C01/song/m/n on input line 180.
LaTeX Font Info:    ... okay on input line 180.
LaTeX Font Info:    Checking defaults for C11/song/m/n on input line 180.
LaTeX Font Info:    ... okay on input line 180.
LaTeX Font Info:    Checking defaults for C21/song/m/n on input line 180.
LaTeX Font Info:    ... okay on input line 180.
LaTeX Font Info:    Checking defaults for C41/song/m/n on input line 180.
LaTeX Font Info:    ... okay on input line 180.
LaTeX Font Info:    Checking defaults for C62/song/m/n on input line 180.
LaTeX Font Info:    ... okay on input line 180.
LaTeX Font Info:    Checking defaults for PD1/pdf/m/n on input line 180.
LaTeX Font Info:    ... okay on input line 180.
LaTeX Font Info:    Checking defaults for PU/pdf/m/n on input line 180.
LaTeX Font Info:    ... okay on input line 180.

(E:\é›†åˆ\ç”µèµ›èµ„æ–™\å…¶ä»–èµ„æ–™\CTeX\æ–°å»ºæ–‡ä»¶å¤¹\tex/context/base/mkii
\supp-pdf.mkii
[Loading MPS to PDF converter (version 2006.09.02).]
\scratchcounter=\count342
\scratchdimen=\dimen268
\scratchbox=\box125
\nofMPsegments=\count343
\nofMParguments=\count344
\everyMPshowfont=\toks37
\MPscratchCnt=\count345
\MPscratchDim=\dimen269
\MPnumerator=\count346
\makeMPintoPDFobject=\count347
\everyMPtoPDFconversion=\toks38
)
(E:\é›†åˆ\ç”µèµ›èµ„æ–™\å…¶ä»–èµ„æ–™\CTeX\æ–°å»ºæ–‡ä»¶å¤¹\tex/latex/epstopdf-pk
g\epstopdf-base.sty
Package: epstopdf-base 2020-01-24 v2.11 Base part for package epstopdf
Package epstopdf-base Info: Redefining graphics rule for `.eps' on input line 4
85.

(E:\é›†åˆ\ç”µèµ›èµ„æ–™\å…¶ä»–èµ„æ–™\CTeX\æ–°å»ºæ–‡ä»¶å¤¹\tex/latex/00miktex\ep
stopdf-sys.cfg
File: epstopdf-sys.cfg 2021/03/18 v2.0 Configuration of epstopdf for MiKTeX
))
*geometry* driver: auto-detecting
*geometry* detected driver: pdftex
*geometry* verbose mode - [ preamble ] result:
* driver: pdftex
* paper: a4paper
* layout: <same size as paper>
* layoutoffset:(h,v)=(0.0pt,0.0pt)
* modes: twoside 
* h-part:(L,W,R)=(71.13188pt, 455.24411pt, 71.13188pt)
* v-part:(T,H,B)=(71.13188pt, 702.78308pt, 71.13188pt)
* \paperwidth=597.50787pt
* \paperheight=845.04684pt
* \textwidth=455.24411pt
* \textheight=702.78308pt
* \oddsidemargin=-1.1381pt
* \evensidemargin=-1.1381pt
* \topmargin=-38.1381pt
* \headheight=12.0pt
* \headsep=25.0pt
* \topskip=10.0pt
* \footskip=30.0pt
* \marginparwidth=121.0pt
* \marginparsep=11.0pt
* \columnsep=10.0pt
* \skip\footins=9.0pt plus 4.0pt minus 2.0pt
* \hoffset=0.0pt
* \voffset=0.0pt
* \mag=1000
* \@twocolumnfalse
* \@twosidetrue
* \@mparswitchtrue
* \@reversemarginfalse
* (1in=72.27pt=25.4mm, 1cm=28.453pt)

Package backref Info: ** backref set up for natbib ** on input line 180.
Package hyperref Info: Link coloring ON on input line 180.
(refman.out) (refman.out)
\@outlinefile=\write5
\openout5 = `refman.out'.

Package caption Info: Begin \AtBeginDocument code.
Package caption Info: End \AtBeginDocument code.
\Etoc@tf=\read4

(E:\é›†åˆ\ç”µèµ›èµ„æ–™\å…¶ä»–èµ„æ–™\CTeX\æ–°å»ºæ–‡ä»¶å¤¹\tex/latex/cjk/UTF8\UT
F8.bdg
File: UTF8.bdg 2021/10/16 4.8.5
)
(E:\é›†åˆ\ç”µèµ›èµ„æ–™\å…¶ä»–èµ„æ–™\CTeX\æ–°å»ºæ–‡ä»¶å¤¹\tex/latex/cjk/UTF8\UT
F8.enc
File: UTF8.enc 2021/10/16 4.8.5
)
(E:\é›†åˆ\ç”µèµ›èµ„æ–™\å…¶ä»–èµ„æ–™\CTeX\æ–°å»ºæ–‡ä»¶å¤¹\tex/latex/cjk/UTF8\UT
F8.chr
File: UTF8.chr 2021/10/16 4.8.5
)
Package hyperref Info: Option `pageanchor' set `false' on input line 189.
Package hyperref Info: Option `bookmarksnumbered' set `true' on input line 189.

Package hyperref Info: Option `unicode' set `true' on input line 189.
LaTeX Font Info:    Font shape `OT1/phv/m/n' will be
(Font)              scaled to size 12.9599pt on input line 194.
LaTeX Font Info:    Font shape `OT1/phv/m/n' will be
(Font)              scaled to size 10.79993pt on input line 196.
LaTeX Font Info:    Trying to load font information for C70+gbsn on input line 
196.

(E:\é›†åˆ\ç”µèµ›èµ„æ–™\å…¶ä»–èµ„æ–™\CTeX\æ–°å»ºæ–‡ä»¶å¤¹\tex/latex/cjk/UTF8\c7
0gbsn.fd
File: c70gbsn.fd 2021/10/16 4.8.5
)
(E:\é›†åˆ\ç”µèµ›èµ„æ–™\å…¶ä»–èµ„æ–™\CTeX\æ–°å»ºæ–‡ä»¶å¤¹\tex/latex/cjk/UTF8\c7
0gbsn.fdx
File: c70gbsn.fdx 2021/10/16 4.8.5
) [1

{C:/Users/lenovo/AppData/Local/MiKTeX/fonts/map/pdftex/pdftex.map}{E:/é›†åˆ/ç”
µèµ›èµ„æ–™/å…¶ä»–èµ„æ–™/CTeX/æ–°å»ºæ–‡ä»¶å¤¹/fonts/enc/dvips/base/8r.enc}]
\tf@toc=\write6
\openout6 = `refman.toc'.

LaTeX Font Info:    Font shape `OT1/phv/b/n' will be
(Font)              scaled to size 8.99994pt on input line 201.
LaTeX Font Info:    Trying to load font information for U+msa on input line 201
.

(E:\é›†åˆ\ç”µèµ›èµ„æ–™\å…¶ä»–èµ„æ–™\CTeX\æ–°å»ºæ–‡ä»¶å¤¹\tex/latex/amsfonts\um
sa.fd
File: umsa.fd 2013/01/14 v3.01 AMS symbols A
)
LaTeX Font Info:    Trying to load font information for U+msb on input line 201
.

(E:\é›†åˆ\ç”µèµ›èµ„æ–™\å…¶ä»–èµ„æ–™\CTeX\æ–°å»ºæ–‡ä»¶å¤¹\tex/latex/amsfonts\um
sb.fd
File: umsb.fd 2013/01/14 v3.01 AMS symbols B
)
LaTeX Font Info:    Trying to load font information for U+wasy on input line 20
1.

(E:\é›†åˆ\ç”µèµ›èµ„æ–™\å…¶ä»–èµ„æ–™\CTeX\æ–°å»ºæ–‡ä»¶å¤¹\tex/latex/wasysym\uwa
sy.fd
File: uwasy.fd 2020/01/19 v2.4 Wasy-2 symbol font definitions
)

LaTeX Font Warning: Font shape `C70/gbsn/b/n' undefined
(Font)              using `C70/gbsn/m/n' instead on input line 201.

LaTeX Font Info:    Font shape `OT1/phv/m/n' will be
(Font)              scaled to size 6.29996pt on input line 201.
LaTeX Font Info:    Font shape `OT1/phv/b/n' will be
(Font)              scaled to size 6.29996pt on input line 201.
[1]
Package hyperref Info: Option `pageanchor' set `true' on input line 203.

(md__d_1_2_s_t_m32_01_project_2_s_t_m32_f103_2smart__motor_2_u_s_e_r_2_r_e_a_d_
m_e.tex
LaTeX Font Info:    Font shape `OT1/phv/b/n' will be
(Font)              scaled to size 12.9599pt on input line 1.
LaTeX Font Info:    Font shape `OT1/phv/b/n' will be
(Font)              scaled to size 10.79993pt on input line 5.

(E:\é›†åˆ\ç”µèµ›èµ„æ–™\å…¶ä»–èµ„æ–™\CTeX\æ–°å»ºæ–‡ä»¶å¤¹\tex/latex/psnfss\ot1p
cr.fd)
Underfull \hbox (badness 10000) in paragraph at lines 80--80
[]\OT1/pcr/m/n/10 MOTOR[][][][]PWM[][][][]Compensate[]
 []


Underfull \hbox (badness 10000) in paragraph at lines 80--80
[]\OT1/pcr/m/n/10 MOTOR[][][][]PWM[][][][]Compensate[]
 []


Package fancyhdr Warning: \headheight is too small (12.0pt): 
(fancyhdr)                Make it at least 12.1028pt, for example:
(fancyhdr)                \setlength{\headheight}{12.1028pt}.
(fancyhdr)                You might also make \topmargin smaller to compensate:

(fancyhdr)                \addtolength{\topmargin}{-0.1028pt}.

[1]
Underfull \hbox (badness 10000) in paragraph at lines 117--117
[]\OT1/phv/m/n/10 PWM[]
 []


Underfull \hbox (badness 10000) in paragraph at lines 117--117
[]\OT1/phv/m/n/10 PWM[]
 []

[2]) (annotated.tex) (files.tex

Package fancyhdr Warning: \headheight is too small (12.0pt): 
(fancyhdr)                Make it at least 12.09084pt, for example:
(fancyhdr)                \setlength{\headheight}{12.09084pt}.
(fancyhdr)                You might also make \topmargin smaller to compensate:

(fancyhdr)                \addtolength{\topmargin}{-0.09084pt}.

[3]) (struct_fast_response_filter.tex
LaTeX Font Info:    Trying to load font information for TS1+phv on input line 6
.

(E:\é›†åˆ\ç”µèµ›èµ„æ–™\å…¶ä»–èµ„æ–™\CTeX\æ–°å»ºæ–‡ä»¶å¤¹\tex/latex/psnfss\ts1p
hv.fd
File: ts1phv.fd 2020/03/25 scalable font definitions for TS1/phv.
)
LaTeX Font Info:    Font shape `TS1/phv/m/n' will be
(Font)              scaled to size 8.99994pt on input line 6.
LaTeX Font Info:    Font shape `OT1/phv/m/n' will be
(Font)              scaled to size 8.09995pt on input line 8.
LaTeX Font Info:    Font shape `OT1/phv/m/it' in size <9> not available
(Font)              Font shape `OT1/phv/m/sl' tried instead on input line 8.
LaTeX Font Info:    Font shape `OT1/phv/m/sl' will be
(Font)              scaled to size 8.09995pt on input line 8.


LaTeX Font Warning: Font shape `C70/gbsn/m/it' undefined
(Font)              using `C70/gbsn/m/n' instead on input line 8.

) (struct_m_o_t_o_r___type_def.tex [4]
LaTeX Font Info:    Font shape `OT1/phv/m/it' in size <7> not available
(Font)              Font shape `OT1/phv/m/sl' tried instead on input line 11.
LaTeX Font Info:    Font shape `OT1/phv/m/sl' will be
(Font)              scaled to size 6.29996pt on input line 11.
) (board_8c.tex
Underfull \hbox (badness 10000) in paragraph at lines 8--9

 []

LaTeX Font Info:    Font shape `OT1/phv/bc/n' will be
(Font)              scaled to size 8.99994pt on input line 32.

LaTeX Font Warning: Font shape `C70/gbsn/bc/n' undefined
(Font)              using `C70/gbsn/m/n' instead on input line 32.


Underfull \hbox (badness 10000) detected at line 32
[][][]
 []


Underfull \hbox (badness 10000) detected at line 35
[][][]
 []


Package fancyhdr Warning: \headheight is too small (12.0pt): 
(fancyhdr)                Make it at least 12.09084pt, for example:
(fancyhdr)                \setlength{\headheight}{12.09084pt}.
(fancyhdr)                You might also make \topmargin smaller to compensate:

(fancyhdr)                \addtolength{\topmargin}{-0.09084pt}.

[5]
Underfull \hbox (badness 10000) detected at line 38
[][][]
 []


Underfull \hbox (badness 10000) detected at line 41
[][][]
 []

) (board_8h.tex
Underfull \hbox (badness 10000) in paragraph at lines 8--11

 []


Underfull \hbox (badness 10000) detected at line 49
[][][]
 []


Underfull \hbox (badness 10000) detected at line 52
[][][]
 []

[6]
Underfull \hbox (badness 10000) detected at line 55
[][][]
 []

) (board_8h_source.tex) (motor_8c.tex
Underfull \hbox (badness 10000) in paragraph at lines 8--12

 []

[7] [8]
Underfull \hbox (badness 10000) detected at line 84
[][][]
 []


Underfull \hbox (badness 10000) detected at line 87
[][][]
 []


Underfull \hbox (badness 10000) detected at line 90
[][][]
 []


Underfull \hbox (badness 10000) detected at line 93
[][][]
 []

LaTeX Font Info:    Font shape `OT1/phv/m/n' will be
(Font)              scaled to size 7.19995pt on input line 103.
LaTeX Font Info:    Font shape `OT1/pcr/m/it' in size <8> not available
(Font)              Font shape `OT1/pcr/m/sl' tried instead on input line 103.
LaTeX Font Info:    Font shape `OT1/pcr/m/it' in size <7> not available
(Font)              Font shape `OT1/pcr/m/sl' tried instead on input line 103.

Package fancyhdr Warning: \headheight is too small (12.0pt): 
(fancyhdr)                Make it at least 12.06458pt, for example:
(fancyhdr)                \setlength{\headheight}{12.06458pt}.
(fancyhdr)                You might also make \topmargin smaller to compensate:

(fancyhdr)                \addtolength{\topmargin}{-0.06458pt}.

[9]
Underfull \hbox (badness 10000) detected at line 135
[][][]
 []


Underfull \hbox (badness 10000) detected at line 148
[][][]
 []


Underfull \hbox (badness 10000) detected at line 163
[][][]
 []

[10]
Underfull \hbox (badness 10000) detected at line 193
[][][]
 []


Underfull \hbox (badness 10000) detected at line 211
[][][]
 []


Underfull \hbox (badness 10000) detected at line 229
[][][]
 []


Package fancyhdr Warning: \headheight is too small (12.0pt): 
(fancyhdr)                Make it at least 12.06458pt, for example:
(fancyhdr)                \setlength{\headheight}{12.06458pt}.
(fancyhdr)                You might also make \topmargin smaller to compensate:

(fancyhdr)                \addtolength{\topmargin}{-0.06458pt}.

[11]
Underfull \hbox (badness 10000) detected at line 251
[][][]
 []


Underfull \hbox (badness 10000) detected at line 264
[][][]
 []


Underfull \hbox (badness 10000) detected at line 294
[][][]
 []

[12]
Underfull \hbox (badness 10000) detected at line 325
[][][]
 []


Package fancyhdr Warning: \headheight is too small (12.0pt): 
(fancyhdr)                Make it at least 12.06458pt, for example:
(fancyhdr)                \setlength{\headheight}{12.06458pt}.
(fancyhdr)                You might also make \topmargin smaller to compensate:

(fancyhdr)                \addtolength{\topmargin}{-0.06458pt}.

[13]
Underfull \hbox (badness 10000) detected at line 404
[][][]
 []

[14]
Underfull \hbox (badness 10000) detected at line 433
[][][]
 []

) (motor_8h.tex
Underfull \hbox (badness 10000) in paragraph at lines 8--11

 []


Package fancyhdr Warning: \headheight is too small (12.0pt): 
(fancyhdr)                Make it at least 12.06458pt, for example:
(fancyhdr)                \setlength{\headheight}{12.06458pt}.
(fancyhdr)                You might also make \topmargin smaller to compensate:

(fancyhdr)                \addtolength{\topmargin}{-0.06458pt}.

[15] [16]
Underfull \hbox (badness 10000) detected at line 171
[][][]
 []


Package fancyhdr Warning: \headheight is too small (12.0pt): 
(fancyhdr)                Make it at least 12.06458pt, for example:
(fancyhdr)                \setlength{\headheight}{12.06458pt}.
(fancyhdr)                You might also make \topmargin smaller to compensate:

(fancyhdr)                \addtolength{\topmargin}{-0.06458pt}.

[17]
Underfull \hbox (badness 10000) detected at line 174
[][][]
 []


Underfull \hbox (badness 10000) detected at line 177
[][][]
 []


Underfull \hbox (badness 10000) detected at line 180
[][][]
 []

[18]
Underfull \hbox (badness 10000) detected at line 222
[][][]
 []


Underfull \hbox (badness 10000) detected at line 235
[][][]
 []


Underfull \hbox (badness 10000) detected at line 250
[][][]
 []


Underfull \hbox (badness 10000) detected at line 280
[][][]
 []


Package fancyhdr Warning: \headheight is too small (12.0pt): 
(fancyhdr)                Make it at least 12.06458pt, for example:
(fancyhdr)                \setlength{\headheight}{12.06458pt}.
(fancyhdr)                You might also make \topmargin smaller to compensate:

(fancyhdr)                \addtolength{\topmargin}{-0.06458pt}.

[19]
Underfull \hbox (badness 10000) detected at line 298
[][][]
 []


Underfull \hbox (badness 10000) detected at line 316
[][][]
 []


Underfull \hbox (badness 10000) detected at line 338
[][][]
 []

[20]
Underfull \hbox (badness 10000) detected at line 351
[][][]
 []


Underfull \hbox (badness 10000) detected at line 381
[][][]
 []


Package fancyhdr Warning: \headheight is too small (12.0pt): 
(fancyhdr)                Make it at least 12.06458pt, for example:
(fancyhdr)                \setlength{\headheight}{12.06458pt}.
(fancyhdr)                You might also make \topmargin smaller to compensate:

(fancyhdr)                \addtolength{\topmargin}{-0.06458pt}.

[21]
Underfull \hbox (badness 10000) detected at line 412
[][][]
 []

[22]
Underfull \hbox (badness 10000) detected at line 491
[][][]
 []


Underfull \hbox (badness 10000) detected at line 520
[][][]
 []

) (motor_8h_source.tex [23]
LaTeX Font Info:    Trying to load font information for OMS+pcr on input line 6
0.

(E:\é›†åˆ\ç”µèµ›èµ„æ–™\å…¶ä»–èµ„æ–™\CTeX\æ–°å»ºæ–‡ä»¶å¤¹\tex/latex/psnfss\omsp
cr.fd
File: omspcr.fd 
)
LaTeX Font Info:    Font shape `OMS/pcr/m/n' in size <7> not available
(Font)              Font shape `OMS/cmsy/m/n' tried instead on input line 60.
 [24]) (usart__link_8c.tex
Underfull \hbox (badness 10000) in paragraph at lines 8--14

 []


Underfull \hbox (badness 10000) detected at line 45
[][][]
 []


Underfull \hbox (badness 10000) detected at line 48
[][][]
 []


Package fancyhdr Warning: \headheight is too small (12.0pt): 
(fancyhdr)                Make it at least 12.06458pt, for example:
(fancyhdr)                \setlength{\headheight}{12.06458pt}.
(fancyhdr)                You might also make \topmargin smaller to compensate:

(fancyhdr)                \addtolength{\topmargin}{-0.06458pt}.

[25]
Underfull \hbox (badness 10000) detected at line 51
[][][]
 []


Underfull \hbox (badness 10000) detected at line 67
[][][]
 []


Underfull \hbox (badness 10000) detected at line 80
[][][]
 []

[26]
Underfull \hbox (badness 10000) detected at line 100
[][][]
 []

) (usart__link_8h.tex
Underfull \hbox (badness 10000) in paragraph at lines 8--10

 []

LaTeX Font Info:    Trying to load font information for OMS+phv on input line 2
2.

(E:\é›†åˆ\ç”µèµ›èµ„æ–™\å…¶ä»–èµ„æ–™\CTeX\æ–°å»ºæ–‡ä»¶å¤¹\tex/latex/psnfss\omsp
hv.fd
File: omsphv.fd 
)
LaTeX Font Info:    Font shape `OMS/phv/m/n' in size <10> not available
(Font)              Font shape `OMS/cmsy/m/n' tried instead on input line 22.

Underfull \hbox (badness 10000) in paragraph at lines 33--52
[] \OT1/phv/m/n/10 = 0x13 , [] = 0x23 ,
 []


Package fancyhdr Warning: \headheight is too small (12.0pt): 
(fancyhdr)                Make it at least 12.06458pt, for example:
(fancyhdr)                \setlength{\headheight}{12.06458pt}.
(fancyhdr)                You might also make \topmargin smaller to compensate:

(fancyhdr)                \addtolength{\topmargin}{-0.06458pt}.

[27]
Overfull \hbox (55.35187pt too wide) in paragraph at lines 52--57
[]\OT1/phv/m/n/10 enum [] \OMS/cmsy/m/n/10 f [] \OT1/phv/m/n/10 = 0x00 , [] = 0
x01 , []
 []


Underfull \hbox (badness 10000) detected at line 74
[][][]
 []


Underfull \hbox (badness 10000) detected at line 77
[][][]
 []


Underfull \hbox (badness 10000) detected at line 80
[][][]
 []

[28]

Package fancyhdr Warning: \headheight is too small (12.0pt): 
(fancyhdr)                Make it at least 12.06458pt, for example:
(fancyhdr)                \setlength{\headheight}{12.06458pt}.
(fancyhdr)                You might also make \topmargin smaller to compensate:

(fancyhdr)                \addtolength{\topmargin}{-0.06458pt}.

[29]
Underfull \hbox (badness 10000) detected at line 215
[][][]
 []


Underfull \hbox (badness 10000) detected at line 228
[][][]
 []


Underfull \hbox (badness 10000) detected at line 248
[][][]
 []


Overfull \vbox (3.42583pt too high) has occurred while \output is active []


[30]) (usart__link_8h_source.tex) (_w_s2812_8c.tex
Underfull \hbox (badness 10000) in paragraph at lines 8--9

 []

[31]
Underfull \hbox (badness 10000) detected at line 49
[][][]
 []


Underfull \hbox (badness 10000) detected at line 52
[][][]
 []


Underfull \hbox (badness 10000) detected at line 55
[][][]
 []


Overfull \vbox (4.8985pt too high) has occurred while \output is active []


[32]
Underfull \hbox (badness 10000) detected at line 114
[][][]
 []


Package fancyhdr Warning: \headheight is too small (12.0pt): 
(fancyhdr)                Make it at least 12.06458pt, for example:
(fancyhdr)                \setlength{\headheight}{12.06458pt}.
(fancyhdr)                You might also make \topmargin smaller to compensate:

(fancyhdr)                \addtolength{\topmargin}{-0.06458pt}.

[33]
Underfull \hbox (badness 10000) detected at line 147
[][][]
 []


Underfull \hbox (badness 10000) detected at line 180
[][][]
 []

) (_w_s2812_8h.tex
Underfull \hbox (badness 10000) in paragraph at lines 8--11

 []

[34]
Underfull \hbox (badness 10000) detected at line 72
[][][]
 []


Underfull \hbox (badness 10000) detected at line 75
[][][]
 []


Package fancyhdr Warning: \headheight is too small (12.0pt): 
(fancyhdr)                Make it at least 12.06458pt, for example:
(fancyhdr)                \setlength{\headheight}{12.06458pt}.
(fancyhdr)                You might also make \topmargin smaller to compensate:

(fancyhdr)                \addtolength{\topmargin}{-0.06458pt}.

[35]
Underfull \hbox (badness 10000) detected at line 78
[][][]
 []

[36]
Underfull \hbox (badness 10000) detected at line 137
[][][]
 []


Underfull \hbox (badness 10000) detected at line 170
[][][]
 []


Package fancyhdr Warning: \headheight is too small (12.0pt): 
(fancyhdr)                Make it at least 12.06458pt, for example:
(fancyhdr)                \setlength{\headheight}{12.06458pt}.
(fancyhdr)                You might also make \topmargin smaller to compensate:

(fancyhdr)                \addtolength{\topmargin}{-0.06458pt}.

[37]
Underfull \hbox (badness 10000) detected at line 203
[][][]
 []

) (_w_s2812_8h_source.tex) [38] (refman.ind
Overfull \hbox (68.13553pt too wide) in paragraph at lines 3--5
\OT1/phv/m/n/10 D:/STM32 Project/STM32F103/smart[]motor/USER/HARDWARE/board.c,
 []


Overfull \hbox (68.63947pt too wide) in paragraph at lines 5--7
[]\OT1/phv/m/n/10 D:/STM32 Project/STM32F103/smart[]motor/USER/HARDWARE/board.h
,
 []


Overfull \hbox (67.6765pt too wide) in paragraph at lines 7--9
[]\OT1/phv/m/n/10 D:/STM32 Project/STM32F103/smart[]motor/USER/HARDWARE/motor.c
,
 []


Overfull \hbox (68.18044pt too wide) in paragraph at lines 9--11
[]\OT1/phv/m/n/10 D:/STM32 Project/STM32F103/smart[]motor/USER/HARDWARE/motor.h
,
 []


Overfull \hbox (82.22923pt too wide) in paragraph at lines 11--13
[]\OT1/phv/m/n/10 D:/STM32 Project/STM32F103/smart[]motor/USER/HARDWARE/usart[]
link.c,
 []


Overfull \hbox (82.73317pt too wide) in paragraph at lines 13--15
[]\OT1/phv/m/n/10 D:/STM32 Project/STM32F103/smart[]motor/USER/HARDWARE/usart[]
link.h,
 []


Overfull \hbox (79.63736pt too wide) in paragraph at lines 15--17
[]\OT1/phv/m/n/10 D:/STM32 Project/STM32F103/smart[]motor/USER/HARDWARE/WS2812.
c,
 []


Overfull \hbox (80.1413pt too wide) in paragraph at lines 17--19
[]\OT1/phv/m/n/10 D:/STM32 Project/STM32F103/smart[]motor/USER/HARDWARE/WS2812.
h,
 []

[39


] [40] [41

]) (refman.aux)
 ***********
LaTeX2e <2023-06-01> patch level 1
L3 programming layer <2023-08-29>
 ***********


LaTeX Font Warning: Some font shapes were not available, defaults substituted.

Package rerunfilecheck Info: File `refman.out' has not changed.
(rerunfilecheck)             Checksum: 10132F1FA7DD4ADB451B07C93586EE20;8140.
 ) 
Here is how much of TeX's memory you used:
 21472 strings out of 475248
 357765 string characters out of 5752181
 1990785 words of memory out of 5000000
 41826 multiletter control sequences out of 15000+600000
 646434 words of font info for 314 fonts, out of 8000000 for 9000
 1141 hyphenation exceptions out of 8191
 101i,16n,117p,834b,1661s stack positions out of 10000i,1000n,20000p,200000b,200000s
<E:/é›†åˆ/ç”µèµ›èµ„æ–™/å…¶ä»–èµ„æ–™/CTeX/æ–°å»ºæ–‡ä»¶å¤¹/fonts/type1/public/
amsfonts/cm/cmmi10.pfb><E:/é›†åˆ/ç”µèµ›èµ„æ–™/å…¶ä»–èµ„æ–™/CTeX/æ–°å»ºæ–‡ä»¶å¤
¹/fonts/type1/public/amsfonts/cm/cmmi7.pfb><E:/é›†åˆ/ç”µèµ›èµ„æ–™/å…¶ä»–èµ„æ–™
/CTeX/æ–°å»ºæ–‡ä»¶å¤¹/fonts/type1/public/amsfonts/cm/cmmi9.pfb><E:/é›†åˆ/ç”µèµ
›èµ„æ–™/å…¶ä»–èµ„æ–™/CTeX/æ–°å»ºæ–‡ä»¶å¤¹/fonts/type1/public/amsfonts/cm/cmsy10
.pfb><E:/é›†åˆ/ç”µèµ›èµ„æ–™/å…¶ä»–èµ„æ–™/CTeX/æ–°å»ºæ–‡ä»¶å¤¹/fonts/type1/publ
ic/amsfonts/cm/cmsy7.pfb><E:/é›†åˆ/ç”µèµ›èµ„æ–™/å…¶ä»–èµ„æ–™/CTeX/æ–°å»ºæ–‡ä»¶
å¤¹/fonts/type1/public/amsfonts/cm/cmsy8.pfb><E:/é›†åˆ/ç”µèµ›èµ„æ–™/å…¶ä»–èµ„æ
–™/CTeX/æ–°å»ºæ–‡ä»¶å¤¹/fonts/type1/arphic/gbsnu/gbsnu30.pfb><E:/é›†åˆ/ç”µèµ›è
µ„æ–™/å…¶ä»–èµ„æ–™/CTeX/æ–°å»ºæ–‡ä»¶å¤¹/fonts/type1/arphic/gbsnu/gbsnu4e.pfb><E
:/é›†åˆ/ç”µèµ›èµ„æ–™/å…¶ä»–èµ„æ–™/CTeX/æ–°å»ºæ–‡ä»¶å¤¹/fonts/type1/arphic/gbsn
u/gbsnu4f.pfb><E:/é›†åˆ/ç”µèµ›èµ„æ–™/å…¶ä»–èµ„æ–™/CTeX/æ–°å»ºæ–‡ä»¶å¤¹/fonts/t
ype1/arphic/gbsnu/gbsnu50.pfb><E:/é›†åˆ/ç”µèµ›èµ„æ–™/å…¶ä»–èµ„æ–™/CTeX/æ–°å»ºæ
–‡ä»¶å¤¹/fonts/type1/arphic/gbsnu/gbsnu51.pfb><E:/é›†åˆ/ç”µèµ›èµ„æ–™/å…¶ä»–èµ„
æ–™/CTeX/æ–°å»ºæ–‡ä»¶å¤¹/fonts/type1/arphic/gbsnu/gbsnu52.pfb><E:/é›†åˆ/ç”µèµ›
èµ„æ–™/å…¶ä»–èµ„æ–™/CTeX/æ–°å»ºæ–‡ä»¶å¤¹/fonts/type1/arphic/gbsnu/gbsnu53.pfb><
E:/é›†åˆ/ç”µèµ›èµ„æ–™/å…¶ä»–èµ„æ–™/CTeX/æ–°å»ºæ–‡ä»¶å¤¹/fonts/type1/arphic/gbs
nu/gbsnu54.pfb><E:/é›†åˆ/ç”µèµ›èµ„æ–™/å…¶ä»–èµ„æ–™/CTeX/æ–°å»ºæ–‡ä»¶å¤¹/fonts/
type1/arphic/gbsnu/gbsnu56.pfb><E:/é›†åˆ/ç”µèµ›èµ„æ–™/å…¶ä»–èµ„æ–™/CTeX/æ–°å»º
æ–‡ä»¶å¤¹/fonts/type1/arphic/gbsnu/gbsnu57.pfb><E:/é›†åˆ/ç”µèµ›èµ„æ–™/å…¶ä»–èµ
„æ–™/CTeX/æ–°å»ºæ–‡ä»¶å¤¹/fonts/type1/arphic/gbsnu/gbsnu58.pfb><E:/é›†åˆ/ç”µèµ
›èµ„æ–™/å…¶ä»–èµ„æ–™/CTeX/æ–°å»ºæ–‡ä»¶å¤¹/fonts/type1/arphic/gbsnu/gbsnu59.pfb>
<E:/é›†åˆ/ç”µèµ›èµ„æ–™/å…¶ä»–èµ„æ–™/CTeX/æ–°å»ºæ–‡ä»¶å¤¹/fonts/type1/arphic/gb
snu/gbsnu5b.pfb><E:/é›†åˆ/ç”µèµ›èµ„æ–™/å…¶ä»–èµ„æ–™/CTeX/æ–°å»ºæ–‡ä»¶å¤¹/fonts
/type1/arphic/gbsnu/gbsnu5c.pfb><E:/é›†åˆ/ç”µèµ›èµ„æ–™/å…¶ä»–èµ„æ–™/CTeX/æ–°å»
ºæ–‡ä»¶å¤¹/fonts/type1/arphic/gbsnu/gbsnu5d.pfb><E:/é›†åˆ/ç”µèµ›èµ„æ–™/å…¶ä»–è
µ„æ–™/CTeX/æ–°å»ºæ–‡ä»¶å¤¹/fonts/type1/arphic/gbsnu/gbsnu5e.pfb><E:/é›†åˆ/ç”µè
µ›èµ„æ–™/å…¶ä»–èµ„æ–™/CTeX/æ–°å»ºæ–‡ä»¶å¤¹/fonts/type1/arphic/gbsnu/gbsnu5f.pfb
><E:/é›†åˆ/ç”µèµ›èµ„æ–™/å…¶ä»–èµ„æ–™/CTeX/æ–°å»ºæ–‡ä»¶å¤¹/fonts/type1/arphic/g
bsnu/gbsnu60.pfb><E:/é›†åˆ/ç”µèµ›èµ„æ–™/å…¶ä»–èµ„æ–™/CTeX/æ–°å»ºæ–‡ä»¶å¤¹/font
s/type1/arphic/gbsnu/gbsnu62.pfb><E:/é›†åˆ/ç”µèµ›èµ„æ–™/å…¶ä»–èµ„æ–™/CTeX/æ–°å
»ºæ–‡ä»¶å¤¹/fonts/type1/arphic/gbsnu/gbsnu63.pfb><E:/é›†åˆ/ç”µèµ›èµ„æ–™/å…¶ä»–
èµ„æ–™/CTeX/æ–°å»ºæ–‡ä»¶å¤¹/fonts/type1/arphic/gbsnu/gbsnu64.pfb><E:/é›†åˆ/ç”µ
èµ›èµ„æ–™/å…¶ä»–èµ„æ–™/CTeX/æ–°å»ºæ–‡ä»¶å¤¹/fonts/type1/arphic/gbsnu/gbsnu65.pf
b><E:/é›†åˆ/ç”µèµ›èµ„æ–™/å…¶ä»–èµ„æ–™/CTeX/æ–°å»ºæ–‡ä»¶å¤¹/fonts/type1/arphic/
gbsnu/gbsnu66.pfb><E:/é›†åˆ/ç”µèµ›èµ„æ–™/å…¶ä»–èµ„æ–™/CTeX/æ–°å»ºæ–‡ä»¶å¤¹/fon
ts/type1/arphic/gbsnu/gbsnu67.pfb><E:/é›†åˆ/ç”µèµ›èµ„æ–™/å…¶ä»–èµ„æ–™/CTeX/æ–°
å»ºæ–‡ä»¶å¤¹/fonts/type1/arphic/gbsnu/gbsnu68.pfb><E:/é›†åˆ/ç”µèµ›èµ„æ–™/å…¶ä»
–èµ„æ–™/CTeX/æ–°å»ºæ–‡ä»¶å¤¹/fonts/type1/arphic/gbsnu/gbsnu6a.pfb><E:/é›†åˆ/ç”
µèµ›èµ„æ–™/å…¶ä»–èµ„æ–™/CTeX/æ–°å»ºæ–‡ä»¶å¤¹/fonts/type1/arphic/gbsnu/gbsnu6b.p
fb><E:/é›†åˆ/ç”µèµ›èµ„æ–™/å…¶ä»–èµ„æ–™/CTeX/æ–°å»ºæ–‡ä»¶å¤¹/fonts/type1/arphic
/gbsnu/gbsnu6c.pfb><E:/é›†åˆ/ç”µèµ›èµ„æ–™/å…¶ä»–èµ„æ–™/CTeX/æ–°å»ºæ–‡ä»¶å¤¹/fo
nts/type1/arphic/gbsnu/gbsnu6d.pfb><E:/é›†åˆ/ç”µèµ›èµ„æ–™/å…¶ä»–èµ„æ–™/CTeX/æ–
°å»ºæ–‡ä»¶å¤¹/fonts/type1/arphic/gbsnu/gbsnu6e.pfb><E:/é›†åˆ/ç”µèµ›èµ„æ–™/å…¶ä
»–èµ„æ–™/CTeX/æ–°å»ºæ–‡ä»¶å¤¹/fonts/type1/arphic/gbsnu/gbsnu70.pfb><E:/é›†åˆ/ç
”µèµ›èµ„æ–™/å…¶ä»–èµ„æ–™/CTeX/æ–°å»ºæ–‡ä»¶å¤¹/fonts/type1/arphic/gbsnu/gbsnu72.
pfb><E:/é›†åˆ/ç”µèµ›èµ„æ–™/å…¶ä»–èµ„æ–™/CTeX/æ–°å»ºæ–‡ä»¶å¤¹/fonts/type1/arphi
c/gbsnu/gbsnu73.pfb><E:/é›†åˆ/ç”µèµ›èµ„æ–™/å…¶ä»–èµ„æ–™/CTeX/æ–°å»ºæ–‡ä»¶å¤¹/f
onts/type1/arphic/gbsnu/gbsnu74.pfb><E:/é›†åˆ/ç”µèµ›èµ„æ–™/å…¶ä»–èµ„æ–™/CTeX/æ
–°å»ºæ–‡ä»¶å¤¹/fonts/type1/arphic/gbsnu/gbsnu75.pfb><E:/é›†åˆ/ç”µèµ›èµ„æ–™/å…¶
ä»–èµ„æ–™/CTeX/æ–°å»ºæ–‡ä»¶å¤¹/fonts/type1/arphic/gbsnu/gbsnu76.pfb><E:/é›†åˆ/
ç”µèµ›èµ„æ–™/å…¶ä»–èµ„æ–™/CTeX/æ–°å»ºæ–‡ä»¶å¤¹/fonts/type1/arphic/gbsnu/gbsnu78
.pfb><E:/é›†åˆ/ç”µèµ›èµ„æ–™/å…¶ä»–èµ„æ–™/CTeX/æ–°å»ºæ–‡ä»¶å¤¹/fonts/type1/arph
ic/gbsnu/gbsnu79.pfb><E:/é›†åˆ/ç”µèµ›èµ„æ–™/å…¶ä»–èµ„æ–™/CTeX/æ–°å»ºæ–‡ä»¶å¤¹/
fonts/type1/arphic/gbsnu/gbsnu7a.pfb><E:/é›†åˆ/ç”µèµ›èµ„æ–™/å…¶ä»–èµ„æ–™/CTeX/
æ–°å»ºæ–‡ä»¶å¤¹/fonts/type1/arphic/gbsnu/gbsnu7b.pfb><E:/é›†åˆ/ç”µèµ›èµ„æ–™/å…
¶ä»–èµ„æ–™/CTeX/æ–°å»ºæ–‡ä»¶å¤¹/fonts/type1/arphic/gbsnu/gbsnu7c.pfb><E:/é›†åˆ
/ç”µèµ›èµ„æ–™/å…¶ä»–èµ„æ–™/CTeX/æ–°å»ºæ–‡ä»¶å¤¹/fonts/type1/arphic/gbsnu/gbsnu7
d.pfb><E:/é›†åˆ/ç”µèµ›èµ„æ–™/å…¶ä»–èµ„æ–™/CTeX/æ–°å»ºæ–‡ä»¶å¤¹/fonts/type1/arp
hic/gbsnu/gbsnu7e.pfb><E:/é›†åˆ/ç”µèµ›èµ„æ–™/å…¶ä»–èµ„æ–™/CTeX/æ–°å»ºæ–‡ä»¶å¤¹
/fonts/type1/arphic/gbsnu/gbsnu7f.pfb><E:/é›†åˆ/ç”µèµ›èµ„æ–™/å…¶ä»–èµ„æ–™/CTeX
/æ–°å»ºæ–‡ä»¶å¤¹/fonts/type1/arphic/gbsnu/gbsnu80.pfb><E:/é›†åˆ/ç”µèµ›èµ„æ–™/å
…¶ä»–èµ„æ–™/CTeX/æ–°å»ºæ–‡ä»¶å¤¹/fonts/type1/arphic/gbsnu/gbsnu81.pfb><E:/é›†å
ˆ/ç”µèµ›èµ„æ–™/å…¶ä»–èµ„æ–™/CTeX/æ–°å»ºæ–‡ä»¶å¤¹/fonts/type1/arphic/gbsnu/gbsnu
82.pfb><E:/é›†åˆ/ç”µèµ›èµ„æ–™/å…¶ä»–èµ„æ–™/CTeX/æ–°å»ºæ–‡ä»¶å¤¹/fonts/type1/ar
phic/gbsnu/gbsnu83.pfb><E:/é›†åˆ/ç”µèµ›èµ„æ–™/å…¶ä»–èµ„æ–™/CTeX/æ–°å»ºæ–‡ä»¶å¤
¹/fonts/type1/arphic/gbsnu/gbsnu84.pfb><E:/é›†åˆ/ç”µèµ›èµ„æ–™/å…¶ä»–èµ„æ–™/CTe
X/æ–°å»ºæ–‡ä»¶å¤¹/fonts/type1/arphic/gbsnu/gbsnu87.pfb><E:/é›†åˆ/ç”µèµ›èµ„æ–™/
å…¶ä»–èµ„æ–™/CTeX/æ–°å»ºæ–‡ä»¶å¤¹/fonts/type1/arphic/gbsnu/gbsnu88.pfb><E:/é›†å
ˆ/ç”µèµ›èµ„æ–™/å…¶ä»–èµ„æ–™/CTeX/æ–°å»ºæ–‡ä»¶å¤¹/fonts/type1/arphic/gbsnu/gbsn
u89.pfb><E:/é›†åˆ/ç”µèµ›èµ„æ–™/å…¶ä»–èµ„æ–™/CTeX/æ–°å»ºæ–‡ä»¶å¤¹/fonts/type1/a
rphic/gbsnu/gbsnu8b.pfb><E:/é›†åˆ/ç”µèµ›èµ„æ–™/å…¶ä»–èµ„æ–™/CTeX/æ–°å»ºæ–‡ä»¶å
¤¹/fonts/type1/arphic/gbsnu/gbsnu8c.pfb><E:/é›†åˆ/ç”µèµ›èµ„æ–™/å…¶ä»–èµ„æ–™/CT
eX/æ–°å»ºæ–‡ä»¶å¤¹/fonts/type1/arphic/gbsnu/gbsnu8d.pfb><E:/é›†åˆ/ç”µèµ›èµ„æ–™
/å…¶ä»–èµ„æ–™/CTeX/æ–°å»ºæ–‡ä»¶å¤¹/fonts/type1/arphic/gbsnu/gbsnu8f.pfb><E:/é›†
åˆ/ç”µèµ›èµ„æ–™/å…¶ä»–èµ„æ–™/CTeX/æ–°å»ºæ–‡ä»¶å¤¹/fonts/type1/arphic/gbsnu/gbs
nu90.pfb><E:/é›†åˆ/ç”µèµ›èµ„æ–™/å…¶ä»–èµ„æ–™/CTeX/æ–°å»ºæ–‡ä»¶å¤¹/fonts/type1/
arphic/gbsnu/gbsnu91.pfb><E:/é›†åˆ/ç”µèµ›èµ„æ–™/å…¶ä»–èµ„æ–™/CTeX/æ–°å»ºæ–‡ä»¶
å¤¹/fonts/type1/arphic/gbsnu/gbsnu94.pfb><E:/é›†åˆ/ç”µèµ›èµ„æ–™/å…¶ä»–èµ„æ–™/C
TeX/æ–°å»ºæ–‡ä»¶å¤¹/fonts/type1/arphic/gbsnu/gbsnu95.pfb><E:/é›†åˆ/ç”µèµ›èµ„æ–
™/å…¶ä»–èµ„æ–™/CTeX/æ–°å»ºæ–‡ä»¶å¤¹/fonts/type1/arphic/gbsnu/gbsnu96.pfb><E:/é›
†åˆ/ç”µèµ›èµ„æ–™/å…¶ä»–èµ„æ–™/CTeX/æ–°å»ºæ–‡ä»¶å¤¹/fonts/type1/arphic/gbsnu/gb
snu97.pfb><E:/é›†åˆ/ç”µèµ›èµ„æ–™/å…¶ä»–èµ„æ–™/CTeX/æ–°å»ºæ–‡ä»¶å¤¹/fonts/type1
/arphic/gbsnu/gbsnu98.pfb><E:/é›†åˆ/ç”µèµ›èµ„æ–™/å…¶ä»–èµ„æ–™/CTeX/æ–°å»ºæ–‡ä»
¶å¤¹/fonts/type1/arphic/gbsnu/gbsnu9a.pfb><E:/é›†åˆ/ç”µèµ›èµ„æ–™/å…¶ä»–èµ„æ–™/
CTeX/æ–°å»ºæ–‡ä»¶å¤¹/fonts/type1/arphic/gbsnu/gbsnu9e.pfb><E:/é›†åˆ/ç”µèµ›èµ„æ
–™/å…¶ä»–èµ„æ–™/CTeX/æ–°å»ºæ–‡ä»¶å¤¹/fonts/type1/arphic/gbsnu/gbsnuff.pfb><E:/é
›†åˆ/ç”µèµ›èµ„æ–™/å…¶ä»–èµ„æ–™/CTeX/æ–°å»ºæ–‡ä»¶å¤¹/fonts/type1/urw/courier/uc
rr8a.pfb><E:/é›†åˆ/ç”µèµ›èµ„æ–™/å…¶ä»–èµ„æ–™/CTeX/æ–°å»ºæ–‡ä»¶å¤¹/fonts/type1/
urw/courier/ucrro8a.pfb><E:/é›†åˆ/ç”µèµ›èµ„æ–™/å…¶ä»–èµ„æ–™/CTeX/æ–°å»ºæ–‡ä»¶å
¤¹/fonts/type1/urw/helvetic/uhvb8a.pfb><E:/é›†åˆ/ç”µèµ›èµ„æ–™/å…¶ä»–èµ„æ–™/CTe
X/æ–°å»ºæ–‡ä»¶å¤¹/fonts/type1/urw/helvetic/uhvr8a.pfb><E:/é›†åˆ/ç”µèµ›èµ„æ–™/å
…¶ä»–èµ„æ–™/CTeX/æ–°å»ºæ–‡ä»¶å¤¹/fonts/type1/urw/helvetic/uhvro8a.pfb>
Output written on refman.pdf (43 pages, 836335 bytes).
PDF statistics:
 1671 PDF objects out of 1728 (max. 8388607)
 417 named destinations out of 1000 (max. 500000)
 617 words of extra memory for PDF output out of 10000 (max. 10000000)

