\BOOKMARK [1][-]{section.1}{\376\377\0001\000\040\000R\000E\000A\000D\000M\000E}{}% 1
\BOOKMARK [2][-]{subsection.1.1}{\376\377\0001\000.\0001\000\040\133\232\145\366\126\150\221\115\177\156}{section.1}% 2
\BOOKMARK [2][-]{subsection.1.2}{\376\377\0001\000.\0002\000\040\000W\000S\0002\0008\0001\0002\000\040\230\234\202\162\146\040\134\004}{section.1}% 3
\BOOKMARK [2][-]{subsection.1.3}{\376\377\0001\000.\0003\000\040\165\065\147\072\133\217\133\232\116\111\220\350\122\006}{section.1}% 4
\BOOKMARK [2][-]{subsection.1.4}{\376\377\0001\000.\0004\000\040\140\073\217\336\143\245\210\150}{section.1}% 5
\BOOKMARK [2][-]{subsection.1.5}{\376\377\0001\000.\0005\000\040\116\062\123\343\145\160\143\156\123\005\150\074\137\017}{section.1}% 6
\BOOKMARK [3][-]{subsubsection.1.5.1}{\376\377\0001\000.\0005\000.\0001\000\040\145\160\143\156\123\005\150\074\137\017\377\032}{subsection.1.5}% 7
\BOOKMARK [3][-]{subsubsection.1.5.2}{\376\377\0001\000.\0005\000.\0002\000\040\123\321\220\001\124\175\116\344\377\032}{subsection.1.5}% 8
\BOOKMARK [1][-]{section.2}{\376\377\0002\000\040\176\323\147\204\117\123\175\042\137\025}{}% 9
\BOOKMARK [2][-]{subsection.2.1}{\376\377\0002\000.\0001\000\040\176\323\147\204\117\123}{section.2}% 10
\BOOKMARK [1][-]{section.3}{\376\377\0003\000\040\145\207\116\366\175\042\137\025}{}% 11
\BOOKMARK [2][-]{subsection.3.1}{\376\377\0003\000.\0001\000\040\145\207\116\366\122\027\210\150}{section.3}% 12
\BOOKMARK [1][-]{section.4}{\376\377\0004\000\040\176\323\147\204\117\123\213\364\146\016}{}% 13
\BOOKMARK [2][-]{subsection.4.1}{\376\377\0004\000.\0001\000\040\000F\000a\000s\000t\000R\000e\000s\000p\000o\000n\000s\000e\000F\000i\000l\000t\000e\000r\176\323\147\204\117\123\000\040\123\302\200\003}{section.4}% 14
\BOOKMARK [2][-]{subsection.4.2}{\376\377\0004\000.\0002\000\040\000M\000O\000T\000O\000R\000\137\000T\000y\000p\000e\000D\000e\000f\176\323\147\204\117\123\000\040\123\302\200\003}{section.4}% 15
\BOOKMARK [1][-]{section.5}{\376\377\0005\000\040\145\207\116\366\213\364\146\016}{}% 16
\BOOKMARK [2][-]{subsection.5.1}{\376\377\0005\000.\0001\000\040\000D\000:\000/\000S\000T\000M\0003\0002\000\040\000P\000r\000o\000j\000e\000c\000t\000/\000S\000T\000M\0003\0002\000F\0001\0000\0003\000/\000s\000m\000a\000r\000t\000\137\000m\000o\000t\000o\000r\000/\000U\000S\000E\000R\000/\000H\000A\000R\000D\000W\000A\000R\000E\000/\000b\000o\000a\000r\000d\000.\000c\000\040\145\207\116\366\123\302\200\003}{section.5}% 17
\BOOKMARK [3][-]{subsubsection.5.1.1}{\376\377\0005\000.\0001\000.\0001\000\040\213\346\176\306\143\317\217\360}{subsection.5.1}% 18
\BOOKMARK [2][-]{subsection.5.2}{\376\377\0005\000.\0002\000\040\000D\000:\000/\000S\000T\000M\0003\0002\000\040\000P\000r\000o\000j\000e\000c\000t\000/\000S\000T\000M\0003\0002\000F\0001\0000\0003\000/\000s\000m\000a\000r\000t\000\137\000m\000o\000t\000o\000r\000/\000U\000S\000E\000R\000/\000H\000A\000R\000D\000W\000A\000R\000E\000/\000b\000o\000a\000r\000d\000.\000h\000\040\145\207\116\366\123\302\200\003}{section.5}% 19
\BOOKMARK [3][-]{subsubsection.5.2.1}{\376\377\0005\000.\0002\000.\0001\000\040\213\346\176\306\143\317\217\360}{subsection.5.2}% 20
\BOOKMARK [2][-]{subsection.5.3}{\376\377\0005\000.\0003\000\040\000b\000o\000a\000r\000d\000.\000h}{section.5}% 21
\BOOKMARK [2][-]{subsection.5.4}{\376\377\0005\000.\0004\000\040\000D\000:\000/\000S\000T\000M\0003\0002\000\040\000P\000r\000o\000j\000e\000c\000t\000/\000S\000T\000M\0003\0002\000F\0001\0000\0003\000/\000s\000m\000a\000r\000t\000\137\000m\000o\000t\000o\000r\000/\000U\000S\000E\000R\000/\000H\000A\000R\000D\000W\000A\000R\000E\000/\000m\000o\000t\000o\000r\000.\000c\000\040\145\207\116\366\123\302\200\003}{section.5}% 22
\BOOKMARK [3][-]{subsubsection.5.4.1}{\376\377\0005\000.\0004\000.\0001\000\040\213\346\176\306\143\317\217\360}{subsection.5.4}% 23
\BOOKMARK [3][-]{subsubsection.5.4.2}{\376\377\0005\000.\0004\000.\0002\000\040\121\375\145\160\213\364\146\016}{subsection.5.4}% 24
\BOOKMARK [2][-]{subsection.5.5}{\376\377\0005\000.\0005\000\040\000D\000:\000/\000S\000T\000M\0003\0002\000\040\000P\000r\000o\000j\000e\000c\000t\000/\000S\000T\000M\0003\0002\000F\0001\0000\0003\000/\000s\000m\000a\000r\000t\000\137\000m\000o\000t\000o\000r\000/\000U\000S\000E\000R\000/\000H\000A\000R\000D\000W\000A\000R\000E\000/\000m\000o\000t\000o\000r\000.\000h\000\040\145\207\116\366\123\302\200\003}{section.5}% 25
\BOOKMARK [3][-]{subsubsection.5.5.1}{\376\377\0005\000.\0005\000.\0001\000\040\213\346\176\306\143\317\217\360}{subsection.5.5}% 26
\BOOKMARK [3][-]{subsubsection.5.5.2}{\376\377\0005\000.\0005\000.\0002\000\040\121\375\145\160\213\364\146\016}{subsection.5.5}% 27
\BOOKMARK [2][-]{subsection.5.6}{\376\377\0005\000.\0006\000\040\000m\000o\000t\000o\000r\000.\000h}{section.5}% 28
\BOOKMARK [2][-]{subsection.5.7}{\376\377\0005\000.\0007\000\040\000D\000:\000/\000S\000T\000M\0003\0002\000\040\000P\000r\000o\000j\000e\000c\000t\000/\000S\000T\000M\0003\0002\000F\0001\0000\0003\000/\000s\000m\000a\000r\000t\000\137\000m\000o\000t\000o\000r\000/\000U\000S\000E\000R\000/\000H\000A\000R\000D\000W\000A\000R\000E\000/\000u\000s\000a\000r\000t\000\137\000l\000i\000n\000k\000.\000c\000\040\145\207\116\366\123\302\200\003}{section.5}% 29
\BOOKMARK [3][-]{subsubsection.5.7.1}{\376\377\0005\000.\0007\000.\0001\000\040\213\346\176\306\143\317\217\360}{subsection.5.7}% 30
\BOOKMARK [3][-]{subsubsection.5.7.2}{\376\377\0005\000.\0007\000.\0002\000\040\121\375\145\160\213\364\146\016}{subsection.5.7}% 31
\BOOKMARK [2][-]{subsection.5.8}{\376\377\0005\000.\0008\000\040\000D\000:\000/\000S\000T\000M\0003\0002\000\040\000P\000r\000o\000j\000e\000c\000t\000/\000S\000T\000M\0003\0002\000F\0001\0000\0003\000/\000s\000m\000a\000r\000t\000\137\000m\000o\000t\000o\000r\000/\000U\000S\000E\000R\000/\000H\000A\000R\000D\000W\000A\000R\000E\000/\000u\000s\000a\000r\000t\000\137\000l\000i\000n\000k\000.\000h\000\040\145\207\116\366\123\302\200\003}{section.5}% 32
\BOOKMARK [3][-]{subsubsection.5.8.1}{\376\377\0005\000.\0008\000.\0001\000\040\213\346\176\306\143\317\217\360}{subsection.5.8}% 33
\BOOKMARK [3][-]{subsubsection.5.8.2}{\376\377\0005\000.\0008\000.\0002\000\040\147\232\116\076\174\173\127\213\213\364\146\016}{subsection.5.8}% 34
\BOOKMARK [3][-]{subsubsection.5.8.3}{\376\377\0005\000.\0008\000.\0003\000\040\121\375\145\160\213\364\146\016}{subsection.5.8}% 35
\BOOKMARK [2][-]{subsection.5.9}{\376\377\0005\000.\0009\000\040\000u\000s\000a\000r\000t\000\137\000l\000i\000n\000k\000.\000h}{section.5}% 36
\BOOKMARK [2][-]{subsection.5.10}{\376\377\0005\000.\0001\0000\000\040\000D\000:\000/\000S\000T\000M\0003\0002\000\040\000P\000r\000o\000j\000e\000c\000t\000/\000S\000T\000M\0003\0002\000F\0001\0000\0003\000/\000s\000m\000a\000r\000t\000\137\000m\000o\000t\000o\000r\000/\000U\000S\000E\000R\000/\000H\000A\000R\000D\000W\000A\000R\000E\000/\000W\000S\0002\0008\0001\0002\000.\000c\000\040\145\207\116\366\123\302\200\003}{section.5}% 37
\BOOKMARK [3][-]{subsubsection.5.10.1}{\376\377\0005\000.\0001\0000\000.\0001\000\040\213\346\176\306\143\317\217\360}{subsection.5.10}% 38
\BOOKMARK [3][-]{subsubsection.5.10.2}{\376\377\0005\000.\0001\0000\000.\0002\000\040\121\375\145\160\213\364\146\016}{subsection.5.10}% 39
\BOOKMARK [2][-]{subsection.5.11}{\376\377\0005\000.\0001\0001\000\040\000D\000:\000/\000S\000T\000M\0003\0002\000\040\000P\000r\000o\000j\000e\000c\000t\000/\000S\000T\000M\0003\0002\000F\0001\0000\0003\000/\000s\000m\000a\000r\000t\000\137\000m\000o\000t\000o\000r\000/\000U\000S\000E\000R\000/\000H\000A\000R\000D\000W\000A\000R\000E\000/\000W\000S\0002\0008\0001\0002\000.\000h\000\040\145\207\116\366\123\302\200\003}{section.5}% 40
\BOOKMARK [3][-]{subsubsection.5.11.1}{\376\377\0005\000.\0001\0001\000.\0001\000\040\213\346\176\306\143\317\217\360}{subsection.5.11}% 41
\BOOKMARK [3][-]{subsubsection.5.11.2}{\376\377\0005\000.\0001\0001\000.\0002\000\040\121\375\145\160\213\364\146\016}{subsection.5.11}% 42
\BOOKMARK [2][-]{subsection.5.12}{\376\377\0005\000.\0001\0002\000\040\000W\000S\0002\0008\0001\0002\000.\000h}{section.5}% 43
\BOOKMARK [1][-]{section*.80}{\376\377\000I\000n\000d\000e\000x}{}% 44
